#
# A fatal error has been detected by the Java Runtime Environment:
#
#  EXCEPTION_ACCESS_VIOLATION (0xc0000005) at pc=0x00007ffb9f454e1b, pid=4328, tid=11804
#
# JRE version: Java(TM) SE Runtime Environment (14.0.2+12) (build 14.0.2+12-46)
# Java VM: Java HotSpot(TM) 64-Bit Server VM (14.0.2+12-46, mixed mode, sharing, tiered, compressed oops, g1 gc, windows-amd64)
# Problematic frame:
# V  [jvm.dll+0x674e1b]
#
# No core dump will be written. Minidumps are not enabled by default on client versions of Windows
#
# If you would like to submit a bug report, please visit:
#   https://bugreport.java.com/bugreport/crash.jsp
#

---------------  S U M M A R Y ------------

Command Line: -agentlib:jdwp=transport=dt_socket,address=127.0.0.1:50903,suspend=y,server=n -Dfile.encoding=UTF-8 com.example.separateandsort.SeparateAndSort

Host: Intel(R) Core(TM) i7-8550U CPU @ 1.80GHz, 8 cores, 7G,  Windows 10 , 64 bit Build 18362 (10.0.18362.959)
Time: Wed Jul 15 09:35:44 2020 Pacific Daylight Time elapsed time: 113 seconds (0d 0h 1m 53s)

---------------  T H R E A D  ---------------

Current thread (0x000001e4ce378800):  JavaThread "JDWP Transport Listener: dt_socket" daemon [_thread_in_vm, id=11804, stack(0x000000c594500000,0x000000c594600000)] _threads_hazard_ptr=0x000001e4ce3baaa0

Stack: [0x000000c594500000,0x000000c594600000],  sp=0x000000c5945fe740,  free space=1017k
Native frames: (J=compiled Java code, j=interpreted, Vv=VM code, C=native code)
V  [jvm.dll+0x674e1b]
V  [jvm.dll+0x2ef343]
V  [jvm.dll+0x2f1005]
V  [jvm.dll+0x2f18fe]
V  [jvm.dll+0x2ef19c]
V  [jvm.dll+0x2ee3d2]
V  [jvm.dll+0x5e7b55]
V  [jvm.dll+0x5e78dd]
V  [jvm.dll+0x5af8e3]
V  [jvm.dll+0x739aef]
V  [jvm.dll+0x4bee61]
V  [jvm.dll+0x74908b]
V  [jvm.dll+0x4a54ee]
V  [jvm.dll+0x46ee7b]
C  [jdwp.dll+0x7bbc]


siginfo: EXCEPTION_ACCESS_VIOLATION (0xc0000005), reading address 0x0000000000000006


Register to memory mapping:

RIP=0x00007ffb9f454e1b jvm.dll
RAX=0x000000c5945fe7d0 is pointing into the stack for thread: 0x000001e4ce378800
RBX=0x000000c5945fe7a0 is pointing into the stack for thread: 0x000001e4ce378800
RCX=0x0 is NULL
RDX=0x0 is NULL
RSP=0x000000c5945fe740 is pointing into the stack for thread: 0x000001e4ce378800
RBP=0x000000c5945fece0 is pointing into the stack for thread: 0x000001e4ce378800
RSI=0x0 is NULL
RDI=0x0 is NULL
R8 =0x0 is NULL
R9 =0x000001e4cdd409d0 is pointing into metadata
R10=0x0000000800b90258 is a pointer to class: 
com.example.separateandsort.Doctor {0x0000000800b90260}
R11={method} {0x000001e4cdd41460} 'createDoctorList' '(Ljava/util/List;)Ljava/util/List;' in 'com/example/separateandsort/Doctor'
R12=0x000001e4ce315a70 points into unknown readable memory: 00 00 00 00 2a 00 00 00
R13=0x0000000000000050 is an unknown value
R14=0x000001e4cdd4136c is pointing into metadata
R15=0x0000000000000076 is an unknown value


Registers:
RAX=0x000000c5945fe7d0, RBX=0x000000c5945fe7a0, RCX=0x0000000000000000, RDX=0x0000000000000000
RSP=0x000000c5945fe740, RBP=0x000000c5945fece0, RSI=0x0000000000000000, RDI=0x0000000000000000
R8 =0x0000000000000000, R9 =0x000001e4cdd409d0, R10=0x0000000800b90258, R11=0x000001e4cdd41458
R12=0x000001e4ce315a70, R13=0x0000000000000050, R14=0x000001e4cdd4136c, R15=0x0000000000000076
RIP=0x00007ffb9f454e1b, EFLAGS=0x0000000000010246

Top of Stack: (sp=0x000000c5945fe740)
0x000000c5945fe740:   000000c5945fe7a0 0000000000000000
0x000000c5945fe750:   0000000000000000 0000000000000000
0x000000c5945fe760:   0000000000000000 00007ffb9f0cf343
0x000000c5945fe770:   0000000000000000 000000c5945fee50
0x000000c5945fe780:   0000000000000000 0000000000000000
0x000000c5945fe790:   0000000000000000 0000000000000000
0x000000c5945fe7a0:   00007ffb9f635740 0000000000000000
0x000000c5945fe7b0:   0000000000000000 000000000000000c
0x000000c5945fe7c0:   000000c5945fe7d0 0000000000000000
0x000000c5945fe7d0:   0000000046000048 0000000000000000
0x000000c5945fe7e0:   2fffffff4fffffff 000000002fffffff
0x000000c5945fe7f0:   0000000000000000 0000000000000000
0x000000c5945fe800:   0000000000000000 0000000000000000
0x000000c5945fe810:   0000000000000000 0000000000000000
0x000000c5945fe820:   0000000000000000 0000000000000000
0x000000c5945fe830:   0000000000000000 0000000000000000 

Instructions: (pc=0x00007ffb9f454e1b)
0x00007ffb9f454d1b:   48 8b cb ff 50 30 ff 43 14 48 c1 ef 04 eb 86 48
0x00007ffb9f454d2b:   8b 03 45 33 c0 33 d2 48 8b cb ff 50 48 ff 43 14
0x00007ffb9f454d3b:   48 c1 ef 04 e9 6c ff ff ff 48 8b 03 48 8b cb ff
0x00007ffb9f454d4b:   50 38 83 43 14 02 48 c1 ef 04 e9 56 ff ff ff 48
0x00007ffb9f454d5b:   8b 03 48 8b cb ff 50 10 ff 43 14 48 c1 ef 04 e9
0x00007ffb9f454d6b:   41 ff ff ff 48 8b 03 48 8b cb ff 50 18 83 43 14
0x00007ffb9f454d7b:   02 48 c1 ef 04 e9 2b ff ff ff 48 8b 0d 14 3b 3e
0x00007ffb9f454d8b:   00 48 8d 15 fd f4 22 00 e8 48 5d f8 ff 48 8b 0d
0x00007ffb9f454d9b:   01 3b 3e 00 48 8d 15 02 f5 22 00 4c 8b c6 e8 32
0x00007ffb9f454dab:   5d f8 ff ba c2 00 00 00 48 8d 0d 86 f4 22 00 e8
0x00007ffb9f454dbb:   91 83 b9 ff e8 2c 38 f8 ff 48 c1 ef 04 e9 e3 fe
0x00007ffb9f454dcb:   ff ff 0f 1f 00 d1 4c 67 00 e2 4c 67 00 f4 4c 67
0x00007ffb9f454ddb:   00 06 4d 67 00 18 4d 67 00 44 4d 67 00 5a 4d 67
0x00007ffb9f454deb:   00 6f 4d 67 00 2a 4d 67 00 88 4c 67 00 cc cc cc
0x00007ffb9f454dfb:   cc cc cc cc cc 40 53 48 83 ec 20 c7 41 10 00 00
0x00007ffb9f454e0b:   00 00 48 8b d9 48 89 7c 24 38 48 8b 79 08 33 c9
0x00007ffb9f454e1b:   80 7f 06 28 74 26 44 8d 49 28 8d 51 36 48 8d 0d
0x00007ffb9f454e2b:   11 f4 22 00 4c 8d 05 fa f3 22 00 e8 95 81 b9 ff
0x00007ffb9f454e3b:   e8 b0 37 f8 ff 8b 4b 10 48 8b 7b 08 8d 41 01 48
0x00007ffb9f454e4b:   63 c9 89 43 10 80 7c 39 07 29 0f 84 d3 00 00 00
0x00007ffb9f454e5b:   48 89 74 24 30 44 8b c0 48 8d 35 96 b1 98 ff 66
0x00007ffb9f454e6b:   0f 1f 44 00 00 49 63 c8 0f be 54 39 06 83 c2 be
0x00007ffb9f454e7b:   83 fa 19 77 7b 48 63 ca 0f b6 8c 0e dc 4f 67 00
0x00007ffb9f454e8b:   8b 94 8e cc 4f 67 00 48 03 d6 ff e2 41 8d 40 01
0x00007ffb9f454e9b:   89 43 10 eb 74 48 63 c8 ff c0 89 43 10 44 8b c0
0x00007ffb9f454eab:   80 7c 39 06 3b 75 ee eb 63 0f 1f 40 00 0f 1f 84
0x00007ffb9f454ebb:   00 00 00 00 00 ff c0 48 63 c8 89 43 10 0f b6 54
0x00007ffb9f454ecb:   39 06 80 fa 5b 74 ee 80 fa 4c 75 1d 66 0f 1f 84
0x00007ffb9f454edb:   00 00 00 00 00 48 63 c8 ff c0 89 43 10 44 8b c0
0x00007ffb9f454eeb:   80 7c 39 06 3b 75 ee eb 23 ff c0 89 43 10 eb 19
0x00007ffb9f454efb:   ba f1 00 00 00 48 8d 0d 39 f3 22 00 e8 44 82 b9
0x00007ffb9f454f0b:   ff e8 df 36 f8 ff 8b 43 10 44 8b c0 49 63 c8 80 


Stack slot to memory mapping:
stack at sp + 0 slots: 0x000000c5945fe7a0 is pointing into the stack for thread: 0x000001e4ce378800
stack at sp + 1 slots: 0x0 is NULL
stack at sp + 2 slots: 0x0 is NULL
stack at sp + 3 slots: 0x0 is NULL
stack at sp + 4 slots: 0x0 is NULL
stack at sp + 5 slots: 0x00007ffb9f0cf343 jvm.dll
stack at sp + 6 slots: 0x0 is NULL
stack at sp + 7 slots: 0x000000c5945fee50 is pointing into the stack for thread: 0x000001e4ce378800


---------------  P R O C E S S  ---------------

Threads class SMR info:
_java_thread_list=0x000001e4ce3baaa0, length=14, elements={
0x000001e4ae93f000, 0x000001e4cd8f7000, 0x000001e4cd8f8800, 0x000001e4cd90e800,
0x000001e4cd912800, 0x000001e4cd914800, 0x000001e4cd919800, 0x000001e4cd92d800,
0x000001e4ce248800, 0x000001e4ce378800, 0x000001e4ce38d800, 0x000001e4ce390800,
0x000001e4ce39f800, 0x000001e4ce3bf000
}

Java Threads: ( => current thread )
  0x000001e4ae93f000 JavaThread "main" [_thread_blocked, id=1860, stack(0x000000c593600000,0x000000c593700000)]
  0x000001e4cd8f7000 JavaThread "Reference Handler" daemon [_thread_blocked, id=18028, stack(0x000000c593d00000,0x000000c593e00000)]
  0x000001e4cd8f8800 JavaThread "Finalizer" daemon [_thread_blocked, id=11448, stack(0x000000c593e00000,0x000000c593f00000)]
  0x000001e4cd90e800 JavaThread "Signal Dispatcher" daemon [_thread_blocked, id=1252, stack(0x000000c593f00000,0x000000c594000000)]
  0x000001e4cd912800 JavaThread "Attach Listener" daemon [_thread_blocked, id=15520, stack(0x000000c594000000,0x000000c594100000)]
  0x000001e4cd914800 JavaThread "Service Thread" daemon [_thread_blocked, id=19248, stack(0x000000c594100000,0x000000c594200000)]
  0x000001e4cd919800 JavaThread "C2 CompilerThread0" daemon [_thread_blocked, id=25640, stack(0x000000c594200000,0x000000c594300000)]
  0x000001e4cd92d800 JavaThread "C1 CompilerThread0" daemon [_thread_blocked, id=12972, stack(0x000000c594300000,0x000000c594400000)]
  0x000001e4ce248800 JavaThread "Sweeper thread" daemon [_thread_blocked, id=20148, stack(0x000000c594400000,0x000000c594500000)]
=>0x000001e4ce378800 JavaThread "JDWP Transport Listener: dt_socket" daemon [_thread_in_vm, id=11804, stack(0x000000c594500000,0x000000c594600000)]
  0x000001e4ce38d800 JavaThread "JDWP Event Helper Thread" daemon [_thread_blocked, id=23452, stack(0x000000c594600000,0x000000c594700000)]
  0x000001e4ce390800 JavaThread "JDWP Command Reader" daemon [_thread_in_native, id=20696, stack(0x000000c594700000,0x000000c594800000)]
  0x000001e4ce39f800 JavaThread "Notification Thread" daemon [_thread_blocked, id=25556, stack(0x000000c594800000,0x000000c594900000)]
  0x000001e4ce3bf000 JavaThread "Common-Cleaner" daemon [_thread_blocked, id=25572, stack(0x000000c594a00000,0x000000c594b00000)]

Other Threads:
  0x000001e4cd8f5800 VMThread "VM Thread" [stack: 0x000000c593c00000,0x000000c593d00000] [id=10088]
  0x000001e4ce3b5000 WatcherThread [stack: 0x000000c594900000,0x000000c594a00000] [id=13620]
  0x000001e4ae983800 GCTaskThread "GC Thread#0" [stack: 0x000000c593700000,0x000000c593800000] [id=1468]
  0x000001e4ae994800 ConcurrentGCThread "G1 Main Marker" [stack: 0x000000c593800000,0x000000c593900000] [id=18580]
  0x000001e4ae996000 ConcurrentGCThread "G1 Conc#0" [stack: 0x000000c593900000,0x000000c593a00000] [id=26404]
  0x000001e4cd76a800 ConcurrentGCThread "G1 Refine#0" [stack: 0x000000c593a00000,0x000000c593b00000] [id=4864]
  0x000001e4cd76c000 ConcurrentGCThread "G1 Young RemSet Sampling" [stack: 0x000000c593b00000,0x000000c593c00000] [id=25024]

Threads with active compile tasks:

VM state:not at safepoint (normal execution)

VM Mutex/Monitor currently owned by a thread: None

Heap address: 0x0000000082600000, size: 2010 MB, Compressed Oops mode: 32-bit
Narrow klass base: 0x0000000800000000, Narrow klass shift: 3
Compressed class space size: 1073741824 Address: 0x0000000800b30000

Heap:
 garbage-first heap   total 129024K, used 1024K [0x0000000082600000, 0x0000000100000000)
  region size 1024K, 2 young (2048K), 0 survivors (0K)
 Metaspace       used 488K, capacity 4564K, committed 4864K, reserved 1056768K
  class space    used 37K, capacity 388K, committed 512K, reserved 1048576K
Heap Regions: E=young(eden), S=young(survivor), O=old, HS=humongous(starts), HC=humongous(continues), CS=collection set, F=free, OA=open archive, CA=closed archive, TAMS=top-at-mark-start (previous, next)
|   0|0x0000000082600000, 0x0000000082600000, 0x0000000082700000|  0%| F|  |TAMS 0x0000000082600000, 0x0000000082600000| Untracked 
|   1|0x0000000082700000, 0x0000000082700000, 0x0000000082800000|  0%| F|  |TAMS 0x0000000082700000, 0x0000000082700000| Untracked 
|   2|0x0000000082800000, 0x0000000082800000, 0x0000000082900000|  0%| F|  |TAMS 0x0000000082800000, 0x0000000082800000| Untracked 
|   3|0x0000000082900000, 0x0000000082900000, 0x0000000082a00000|  0%| F|  |TAMS 0x0000000082900000, 0x0000000082900000| Untracked 
|   4|0x0000000082a00000, 0x0000000082a00000, 0x0000000082b00000|  0%| F|  |TAMS 0x0000000082a00000, 0x0000000082a00000| Untracked 
|   5|0x0000000082b00000, 0x0000000082b00000, 0x0000000082c00000|  0%| F|  |TAMS 0x0000000082b00000, 0x0000000082b00000| Untracked 
|   6|0x0000000082c00000, 0x0000000082c00000, 0x0000000082d00000|  0%| F|  |TAMS 0x0000000082c00000, 0x0000000082c00000| Untracked 
|   7|0x0000000082d00000, 0x0000000082d00000, 0x0000000082e00000|  0%| F|  |TAMS 0x0000000082d00000, 0x0000000082d00000| Untracked 
|   8|0x0000000082e00000, 0x0000000082e00000, 0x0000000082f00000|  0%| F|  |TAMS 0x0000000082e00000, 0x0000000082e00000| Untracked 
|   9|0x0000000082f00000, 0x0000000082f00000, 0x0000000083000000|  0%| F|  |TAMS 0x0000000082f00000, 0x0000000082f00000| Untracked 
|  10|0x0000000083000000, 0x0000000083000000, 0x0000000083100000|  0%| F|  |TAMS 0x0000000083000000, 0x0000000083000000| Untracked 
|  11|0x0000000083100000, 0x0000000083100000, 0x0000000083200000|  0%| F|  |TAMS 0x0000000083100000, 0x0000000083100000| Untracked 
|  12|0x0000000083200000, 0x0000000083200000, 0x0000000083300000|  0%| F|  |TAMS 0x0000000083200000, 0x0000000083200000| Untracked 
|  13|0x0000000083300000, 0x0000000083300000, 0x0000000083400000|  0%| F|  |TAMS 0x0000000083300000, 0x0000000083300000| Untracked 
|  14|0x0000000083400000, 0x0000000083400000, 0x0000000083500000|  0%| F|  |TAMS 0x0000000083400000, 0x0000000083400000| Untracked 
|  15|0x0000000083500000, 0x0000000083500000, 0x0000000083600000|  0%| F|  |TAMS 0x0000000083500000, 0x0000000083500000| Untracked 
|  16|0x0000000083600000, 0x0000000083600000, 0x0000000083700000|  0%| F|  |TAMS 0x0000000083600000, 0x0000000083600000| Untracked 
|  17|0x0000000083700000, 0x0000000083700000, 0x0000000083800000|  0%| F|  |TAMS 0x0000000083700000, 0x0000000083700000| Untracked 
|  18|0x0000000083800000, 0x0000000083800000, 0x0000000083900000|  0%| F|  |TAMS 0x0000000083800000, 0x0000000083800000| Untracked 
|  19|0x0000000083900000, 0x0000000083900000, 0x0000000083a00000|  0%| F|  |TAMS 0x0000000083900000, 0x0000000083900000| Untracked 
|  20|0x0000000083a00000, 0x0000000083a00000, 0x0000000083b00000|  0%| F|  |TAMS 0x0000000083a00000, 0x0000000083a00000| Untracked 
|  21|0x0000000083b00000, 0x0000000083b00000, 0x0000000083c00000|  0%| F|  |TAMS 0x0000000083b00000, 0x0000000083b00000| Untracked 
|  22|0x0000000083c00000, 0x0000000083c00000, 0x0000000083d00000|  0%| F|  |TAMS 0x0000000083c00000, 0x0000000083c00000| Untracked 
|  23|0x0000000083d00000, 0x0000000083d00000, 0x0000000083e00000|  0%| F|  |TAMS 0x0000000083d00000, 0x0000000083d00000| Untracked 
|  24|0x0000000083e00000, 0x0000000083e00000, 0x0000000083f00000|  0%| F|  |TAMS 0x0000000083e00000, 0x0000000083e00000| Untracked 
|  25|0x0000000083f00000, 0x0000000083f00000, 0x0000000084000000|  0%| F|  |TAMS 0x0000000083f00000, 0x0000000083f00000| Untracked 
|  26|0x0000000084000000, 0x0000000084000000, 0x0000000084100000|  0%| F|  |TAMS 0x0000000084000000, 0x0000000084000000| Untracked 
|  27|0x0000000084100000, 0x0000000084100000, 0x0000000084200000|  0%| F|  |TAMS 0x0000000084100000, 0x0000000084100000| Untracked 
|  28|0x0000000084200000, 0x0000000084200000, 0x0000000084300000|  0%| F|  |TAMS 0x0000000084200000, 0x0000000084200000| Untracked 
|  29|0x0000000084300000, 0x0000000084300000, 0x0000000084400000|  0%| F|  |TAMS 0x0000000084300000, 0x0000000084300000| Untracked 
|  30|0x0000000084400000, 0x0000000084400000, 0x0000000084500000|  0%| F|  |TAMS 0x0000000084400000, 0x0000000084400000| Untracked 
|  31|0x0000000084500000, 0x0000000084500000, 0x0000000084600000|  0%| F|  |TAMS 0x0000000084500000, 0x0000000084500000| Untracked 
|  32|0x0000000084600000, 0x0000000084600000, 0x0000000084700000|  0%| F|  |TAMS 0x0000000084600000, 0x0000000084600000| Untracked 
|  33|0x0000000084700000, 0x0000000084700000, 0x0000000084800000|  0%| F|  |TAMS 0x0000000084700000, 0x0000000084700000| Untracked 
|  34|0x0000000084800000, 0x0000000084800000, 0x0000000084900000|  0%| F|  |TAMS 0x0000000084800000, 0x0000000084800000| Untracked 
|  35|0x0000000084900000, 0x0000000084900000, 0x0000000084a00000|  0%| F|  |TAMS 0x0000000084900000, 0x0000000084900000| Untracked 
|  36|0x0000000084a00000, 0x0000000084a00000, 0x0000000084b00000|  0%| F|  |TAMS 0x0000000084a00000, 0x0000000084a00000| Untracked 
|  37|0x0000000084b00000, 0x0000000084b00000, 0x0000000084c00000|  0%| F|  |TAMS 0x0000000084b00000, 0x0000000084b00000| Untracked 
|  38|0x0000000084c00000, 0x0000000084c00000, 0x0000000084d00000|  0%| F|  |TAMS 0x0000000084c00000, 0x0000000084c00000| Untracked 
|  39|0x0000000084d00000, 0x0000000084d00000, 0x0000000084e00000|  0%| F|  |TAMS 0x0000000084d00000, 0x0000000084d00000| Untracked 
|  40|0x0000000084e00000, 0x0000000084e00000, 0x0000000084f00000|  0%| F|  |TAMS 0x0000000084e00000, 0x0000000084e00000| Untracked 
|  41|0x0000000084f00000, 0x0000000084f00000, 0x0000000085000000|  0%| F|  |TAMS 0x0000000084f00000, 0x0000000084f00000| Untracked 
|  42|0x0000000085000000, 0x0000000085000000, 0x0000000085100000|  0%| F|  |TAMS 0x0000000085000000, 0x0000000085000000| Untracked 
|  43|0x0000000085100000, 0x0000000085100000, 0x0000000085200000|  0%| F|  |TAMS 0x0000000085100000, 0x0000000085100000| Untracked 
|  44|0x0000000085200000, 0x0000000085200000, 0x0000000085300000|  0%| F|  |TAMS 0x0000000085200000, 0x0000000085200000| Untracked 
|  45|0x0000000085300000, 0x0000000085300000, 0x0000000085400000|  0%| F|  |TAMS 0x0000000085300000, 0x0000000085300000| Untracked 
|  46|0x0000000085400000, 0x0000000085400000, 0x0000000085500000|  0%| F|  |TAMS 0x0000000085400000, 0x0000000085400000| Untracked 
|  47|0x0000000085500000, 0x0000000085500000, 0x0000000085600000|  0%| F|  |TAMS 0x0000000085500000, 0x0000000085500000| Untracked 
|  48|0x0000000085600000, 0x0000000085600000, 0x0000000085700000|  0%| F|  |TAMS 0x0000000085600000, 0x0000000085600000| Untracked 
|  49|0x0000000085700000, 0x0000000085700000, 0x0000000085800000|  0%| F|  |TAMS 0x0000000085700000, 0x0000000085700000| Untracked 
|  50|0x0000000085800000, 0x0000000085800000, 0x0000000085900000|  0%| F|  |TAMS 0x0000000085800000, 0x0000000085800000| Untracked 
|  51|0x0000000085900000, 0x0000000085900000, 0x0000000085a00000|  0%| F|  |TAMS 0x0000000085900000, 0x0000000085900000| Untracked 
|  52|0x0000000085a00000, 0x0000000085a00000, 0x0000000085b00000|  0%| F|  |TAMS 0x0000000085a00000, 0x0000000085a00000| Untracked 
|  53|0x0000000085b00000, 0x0000000085b00000, 0x0000000085c00000|  0%| F|  |TAMS 0x0000000085b00000, 0x0000000085b00000| Untracked 
|  54|0x0000000085c00000, 0x0000000085c00000, 0x0000000085d00000|  0%| F|  |TAMS 0x0000000085c00000, 0x0000000085c00000| Untracked 
|  55|0x0000000085d00000, 0x0000000085d00000, 0x0000000085e00000|  0%| F|  |TAMS 0x0000000085d00000, 0x0000000085d00000| Untracked 
|  56|0x0000000085e00000, 0x0000000085e00000, 0x0000000085f00000|  0%| F|  |TAMS 0x0000000085e00000, 0x0000000085e00000| Untracked 
|  57|0x0000000085f00000, 0x0000000085f00000, 0x0000000086000000|  0%| F|  |TAMS 0x0000000085f00000, 0x0000000085f00000| Untracked 
|  58|0x0000000086000000, 0x0000000086000000, 0x0000000086100000|  0%| F|  |TAMS 0x0000000086000000, 0x0000000086000000| Untracked 
|  59|0x0000000086100000, 0x0000000086100000, 0x0000000086200000|  0%| F|  |TAMS 0x0000000086100000, 0x0000000086100000| Untracked 
|  60|0x0000000086200000, 0x0000000086200000, 0x0000000086300000|  0%| F|  |TAMS 0x0000000086200000, 0x0000000086200000| Untracked 
|  61|0x0000000086300000, 0x0000000086300000, 0x0000000086400000|  0%| F|  |TAMS 0x0000000086300000, 0x0000000086300000| Untracked 
|  62|0x0000000086400000, 0x0000000086400000, 0x0000000086500000|  0%| F|  |TAMS 0x0000000086400000, 0x0000000086400000| Untracked 
|  63|0x0000000086500000, 0x0000000086500000, 0x0000000086600000|  0%| F|  |TAMS 0x0000000086500000, 0x0000000086500000| Untracked 
|  64|0x0000000086600000, 0x0000000086600000, 0x0000000086700000|  0%| F|  |TAMS 0x0000000086600000, 0x0000000086600000| Untracked 
|  65|0x0000000086700000, 0x0000000086700000, 0x0000000086800000|  0%| F|  |TAMS 0x0000000086700000, 0x0000000086700000| Untracked 
|  66|0x0000000086800000, 0x0000000086800000, 0x0000000086900000|  0%| F|  |TAMS 0x0000000086800000, 0x0000000086800000| Untracked 
|  67|0x0000000086900000, 0x0000000086900000, 0x0000000086a00000|  0%| F|  |TAMS 0x0000000086900000, 0x0000000086900000| Untracked 
|  68|0x0000000086a00000, 0x0000000086a00000, 0x0000000086b00000|  0%| F|  |TAMS 0x0000000086a00000, 0x0000000086a00000| Untracked 
|  69|0x0000000086b00000, 0x0000000086b00000, 0x0000000086c00000|  0%| F|  |TAMS 0x0000000086b00000, 0x0000000086b00000| Untracked 
|  70|0x0000000086c00000, 0x0000000086c00000, 0x0000000086d00000|  0%| F|  |TAMS 0x0000000086c00000, 0x0000000086c00000| Untracked 
|  71|0x0000000086d00000, 0x0000000086d00000, 0x0000000086e00000|  0%| F|  |TAMS 0x0000000086d00000, 0x0000000086d00000| Untracked 
|  72|0x0000000086e00000, 0x0000000086e00000, 0x0000000086f00000|  0%| F|  |TAMS 0x0000000086e00000, 0x0000000086e00000| Untracked 
|  73|0x0000000086f00000, 0x0000000086f00000, 0x0000000087000000|  0%| F|  |TAMS 0x0000000086f00000, 0x0000000086f00000| Untracked 
|  74|0x0000000087000000, 0x0000000087000000, 0x0000000087100000|  0%| F|  |TAMS 0x0000000087000000, 0x0000000087000000| Untracked 
|  75|0x0000000087100000, 0x0000000087100000, 0x0000000087200000|  0%| F|  |TAMS 0x0000000087100000, 0x0000000087100000| Untracked 
|  76|0x0000000087200000, 0x0000000087200000, 0x0000000087300000|  0%| F|  |TAMS 0x0000000087200000, 0x0000000087200000| Untracked 
|  77|0x0000000087300000, 0x0000000087300000, 0x0000000087400000|  0%| F|  |TAMS 0x0000000087300000, 0x0000000087300000| Untracked 
|  78|0x0000000087400000, 0x0000000087400000, 0x0000000087500000|  0%| F|  |TAMS 0x0000000087400000, 0x0000000087400000| Untracked 
|  79|0x0000000087500000, 0x0000000087500000, 0x0000000087600000|  0%| F|  |TAMS 0x0000000087500000, 0x0000000087500000| Untracked 
|  80|0x0000000087600000, 0x0000000087600000, 0x0000000087700000|  0%| F|  |TAMS 0x0000000087600000, 0x0000000087600000| Untracked 
|  81|0x0000000087700000, 0x0000000087700000, 0x0000000087800000|  0%| F|  |TAMS 0x0000000087700000, 0x0000000087700000| Untracked 
|  82|0x0000000087800000, 0x0000000087800000, 0x0000000087900000|  0%| F|  |TAMS 0x0000000087800000, 0x0000000087800000| Untracked 
|  83|0x0000000087900000, 0x0000000087900000, 0x0000000087a00000|  0%| F|  |TAMS 0x0000000087900000, 0x0000000087900000| Untracked 
|  84|0x0000000087a00000, 0x0000000087a00000, 0x0000000087b00000|  0%| F|  |TAMS 0x0000000087a00000, 0x0000000087a00000| Untracked 
|  85|0x0000000087b00000, 0x0000000087b00000, 0x0000000087c00000|  0%| F|  |TAMS 0x0000000087b00000, 0x0000000087b00000| Untracked 
|  86|0x0000000087c00000, 0x0000000087c00000, 0x0000000087d00000|  0%| F|  |TAMS 0x0000000087c00000, 0x0000000087c00000| Untracked 
|  87|0x0000000087d00000, 0x0000000087d00000, 0x0000000087e00000|  0%| F|  |TAMS 0x0000000087d00000, 0x0000000087d00000| Untracked 
|  88|0x0000000087e00000, 0x0000000087e00000, 0x0000000087f00000|  0%| F|  |TAMS 0x0000000087e00000, 0x0000000087e00000| Untracked 
|  89|0x0000000087f00000, 0x0000000087f00000, 0x0000000088000000|  0%| F|  |TAMS 0x0000000087f00000, 0x0000000087f00000| Untracked 
|  90|0x0000000088000000, 0x0000000088000000, 0x0000000088100000|  0%| F|  |TAMS 0x0000000088000000, 0x0000000088000000| Untracked 
|  91|0x0000000088100000, 0x0000000088100000, 0x0000000088200000|  0%| F|  |TAMS 0x0000000088100000, 0x0000000088100000| Untracked 
|  92|0x0000000088200000, 0x0000000088200000, 0x0000000088300000|  0%| F|  |TAMS 0x0000000088200000, 0x0000000088200000| Untracked 
|  93|0x0000000088300000, 0x0000000088300000, 0x0000000088400000|  0%| F|  |TAMS 0x0000000088300000, 0x0000000088300000| Untracked 
|  94|0x0000000088400000, 0x0000000088400000, 0x0000000088500000|  0%| F|  |TAMS 0x0000000088400000, 0x0000000088400000| Untracked 
|  95|0x0000000088500000, 0x0000000088500000, 0x0000000088600000|  0%| F|  |TAMS 0x0000000088500000, 0x0000000088500000| Untracked 
|  96|0x0000000088600000, 0x0000000088600000, 0x0000000088700000|  0%| F|  |TAMS 0x0000000088600000, 0x0000000088600000| Untracked 
|  97|0x0000000088700000, 0x0000000088700000, 0x0000000088800000|  0%| F|  |TAMS 0x0000000088700000, 0x0000000088700000| Untracked 
|  98|0x0000000088800000, 0x0000000088800000, 0x0000000088900000|  0%| F|  |TAMS 0x0000000088800000, 0x0000000088800000| Untracked 
|  99|0x0000000088900000, 0x0000000088900000, 0x0000000088a00000|  0%| F|  |TAMS 0x0000000088900000, 0x0000000088900000| Untracked 
| 100|0x0000000088a00000, 0x0000000088a00000, 0x0000000088b00000|  0%| F|  |TAMS 0x0000000088a00000, 0x0000000088a00000| Untracked 
| 101|0x0000000088b00000, 0x0000000088b00000, 0x0000000088c00000|  0%| F|  |TAMS 0x0000000088b00000, 0x0000000088b00000| Untracked 
| 102|0x0000000088c00000, 0x0000000088c00000, 0x0000000088d00000|  0%| F|  |TAMS 0x0000000088c00000, 0x0000000088c00000| Untracked 
| 103|0x0000000088d00000, 0x0000000088d00000, 0x0000000088e00000|  0%| F|  |TAMS 0x0000000088d00000, 0x0000000088d00000| Untracked 
| 104|0x0000000088e00000, 0x0000000088e00000, 0x0000000088f00000|  0%| F|  |TAMS 0x0000000088e00000, 0x0000000088e00000| Untracked 
| 105|0x0000000088f00000, 0x0000000088f00000, 0x0000000089000000|  0%| F|  |TAMS 0x0000000088f00000, 0x0000000088f00000| Untracked 
| 106|0x0000000089000000, 0x0000000089000000, 0x0000000089100000|  0%| F|  |TAMS 0x0000000089000000, 0x0000000089000000| Untracked 
| 107|0x0000000089100000, 0x0000000089100000, 0x0000000089200000|  0%| F|  |TAMS 0x0000000089100000, 0x0000000089100000| Untracked 
| 108|0x0000000089200000, 0x0000000089200000, 0x0000000089300000|  0%| F|  |TAMS 0x0000000089200000, 0x0000000089200000| Untracked 
| 109|0x0000000089300000, 0x0000000089300000, 0x0000000089400000|  0%| F|  |TAMS 0x0000000089300000, 0x0000000089300000| Untracked 
| 110|0x0000000089400000, 0x0000000089400000, 0x0000000089500000|  0%| F|  |TAMS 0x0000000089400000, 0x0000000089400000| Untracked 
| 111|0x0000000089500000, 0x0000000089500000, 0x0000000089600000|  0%| F|  |TAMS 0x0000000089500000, 0x0000000089500000| Untracked 
| 112|0x0000000089600000, 0x0000000089600000, 0x0000000089700000|  0%| F|  |TAMS 0x0000000089600000, 0x0000000089600000| Untracked 
| 113|0x0000000089700000, 0x0000000089700000, 0x0000000089800000|  0%| F|  |TAMS 0x0000000089700000, 0x0000000089700000| Untracked 
| 114|0x0000000089800000, 0x0000000089800000, 0x0000000089900000|  0%| F|  |TAMS 0x0000000089800000, 0x0000000089800000| Untracked 
| 115|0x0000000089900000, 0x0000000089900000, 0x0000000089a00000|  0%| F|  |TAMS 0x0000000089900000, 0x0000000089900000| Untracked 
| 116|0x0000000089a00000, 0x0000000089a00000, 0x0000000089b00000|  0%| F|  |TAMS 0x0000000089a00000, 0x0000000089a00000| Untracked 
| 117|0x0000000089b00000, 0x0000000089b00000, 0x0000000089c00000|  0%| F|  |TAMS 0x0000000089b00000, 0x0000000089b00000| Untracked 
| 118|0x0000000089c00000, 0x0000000089c00000, 0x0000000089d00000|  0%| F|  |TAMS 0x0000000089c00000, 0x0000000089c00000| Untracked 
| 119|0x0000000089d00000, 0x0000000089d00000, 0x0000000089e00000|  0%| F|  |TAMS 0x0000000089d00000, 0x0000000089d00000| Untracked 
| 120|0x0000000089e00000, 0x0000000089e00000, 0x0000000089f00000|  0%| F|  |TAMS 0x0000000089e00000, 0x0000000089e00000| Untracked 
| 121|0x0000000089f00000, 0x0000000089f00000, 0x000000008a000000|  0%| F|  |TAMS 0x0000000089f00000, 0x0000000089f00000| Untracked 
| 122|0x000000008a000000, 0x000000008a000000, 0x000000008a100000|  0%| F|  |TAMS 0x000000008a000000, 0x000000008a000000| Untracked 
| 123|0x000000008a100000, 0x000000008a100000, 0x000000008a200000|  0%| F|  |TAMS 0x000000008a100000, 0x000000008a100000| Untracked 
| 124|0x000000008a200000, 0x000000008a2ec078, 0x000000008a300000| 92%| E|  |TAMS 0x000000008a200000, 0x000000008a200000| Complete 
| 125|0x000000008a300000, 0x000000008a400000, 0x000000008a400000|100%| E|CS|TAMS 0x000000008a300000, 0x000000008a300000| Complete 

Card table byte_map: [0x000001e4c6800000,0x000001e4c6bf0000] _byte_map_base: 0x000001e4c63ed000

Marking Bits (Prev, Next): (CMBitMap*) 0x000001e4ae984278, (CMBitMap*) 0x000001e4ae9842b8
 Prev Bits: [0x000001e4c6fe0000, 0x000001e4c8f48000)
 Next Bits: [0x000001e4c8f50000, 0x000001e4caeb8000)

Polling page: 0x000001e4acae0000

Metaspace:

Usage:
  Non-class:      4.08 MB capacity,   450.56 KB ( 11%) used,     3.64 MB ( 89%) free+waste,   384 bytes ( <1%) overhead. 
      Class:    388.00 KB capacity,    37.64 KB ( 10%) used,   350.17 KB ( 90%) free+waste,   192 bytes ( <1%) overhead. 
       Both:      4.46 MB capacity,   488.20 KB ( 11%) used,     3.98 MB ( 89%) free+waste,   576 bytes ( <1%) overhead. 

Virtual space:
  Non-class space:        8.00 MB reserved,       4.25 MB ( 53%) committed 
      Class space:        1.00 GB reserved,     512.00 KB ( <1%) committed 
             Both:        1.01 GB reserved,       4.75 MB ( <1%) committed 

Chunk freelists:
   Non-Class:  48.00 KB
       Class:  0 bytes
        Both:  48.00 KB

MaxMetaspaceSize: 17179869184.00 GB
CompressedClassSpaceSize: 1.00 GB

CodeHeap 'non-profiled nmethods': size=120000Kb used=27Kb max_used=27Kb free=119972Kb
 bounds [0x000001e4bebb0000, 0x000001e4bee20000, 0x000001e4c60e0000]
CodeHeap 'profiled nmethods': size=120000Kb used=147Kb max_used=147Kb free=119852Kb
 bounds [0x000001e4b7680000, 0x000001e4b78f0000, 0x000001e4bebb0000]
CodeHeap 'non-nmethods': size=5760Kb used=1154Kb max_used=1170Kb free=4606Kb
 bounds [0x000001e4b70e0000, 0x000001e4b7350000, 0x000001e4b7680000]
 total_blobs=390 nmethods=98 adapters=205
 compilation: enabled
              stopped_count=0, restarted_count=0
 full_count=0

Compilation events (20 events):
Event: 0.201 Thread 0x000001e4cd92d800   90       3       java.io.BufferedReader::ensureOpen (18 bytes)
Event: 0.201 Thread 0x000001e4cd92d800 nmethod 90 0x000001e4b76a0d10 code [0x000001e4b76a0ec0, 0x000001e4b76a10a8]
Event: 0.201 Thread 0x000001e4cd92d800   89       3       java.util.ArrayList::add (25 bytes)
Event: 0.201 Thread 0x000001e4cd92d800 nmethod 89 0x000001e4b76a1190 code [0x000001e4b76a1360, 0x000001e4b76a17c8]
Event: 0.201 Thread 0x000001e4cd92d800   91       3       java.util.ArrayList::add (23 bytes)
Event: 0.202 Thread 0x000001e4cd92d800 nmethod 91 0x000001e4b76a1990 code [0x000001e4b76a1b60, 0x000001e4b76a1f48]
Event: 0.202 Thread 0x000001e4cd92d800   92       3       java.lang.String::<init> (14 bytes)
Event: 0.202 Thread 0x000001e4cd92d800 nmethod 92 0x000001e4b76a2110 code [0x000001e4b76a22c0, 0x000001e4b76a24d8]
Event: 0.202 Thread 0x000001e4cd92d800   93       3       java.lang.String::checkBoundsOffCount (64 bytes)
Event: 0.203 Thread 0x000001e4cd92d800 nmethod 93 0x000001e4b76a2610 code [0x000001e4b76a28c0, 0x000001e4b76a3438]
Event: 0.203 Thread 0x000001e4cd92d800   94       3       java.lang.StringUTF16::compress (20 bytes)
Event: 0.204 Thread 0x000001e4cd92d800 nmethod 94 0x000001e4b76a3890 code [0x000001e4b76a3a40, 0x000001e4b76a3c68]
Event: 0.204 Thread 0x000001e4cd92d800   95       3       java.lang.String::<init> (74 bytes)
Event: 0.204 Thread 0x000001e4cd919800   97   !   4       java.io.BufferedReader::readLine (304 bytes)
Event: 0.204 Thread 0x000001e4cd92d800 nmethod 95 0x000001e4b76a3d10 code [0x000001e4b76a3f00, 0x000001e4b76a45b8]
Event: 0.205 Thread 0x000001e4cd92d800   96       3       java.io.BufferedReader::readLine (6 bytes)
Event: 0.205 Thread 0x000001e4cd92d800 nmethod 96 0x000001e4b76a4890 code [0x000001e4b76a4a40, 0x000001e4b76a4ba8]
Event: 0.231 Thread 0x000001e4cd919800 nmethod 97 0x000001e4bebb4f90 code [0x000001e4bebb5240, 0x000001e4bebb5f80]
Event: 0.231 Thread 0x000001e4cd919800   98       4       java.lang.StringUTF16::compress (50 bytes)
Event: 0.240 Thread 0x000001e4cd919800 nmethod 98 0x000001e4bebb6610 code [0x000001e4bebb67e0, 0x000001e4bebb6c78]

GC Heap History (0 events):
No events

Deoptimization events (4 events):
Event: 0.157 Thread 0x000001e4ae93f000 Uncommon trap: trap_request=0xffffff45 fr.pc=0x000001e4bebb4960 relative=0x0000000000000280
Event: 0.157 Thread 0x000001e4ae93f000 Uncommon trap: reason=unstable_if action=reinterpret pc=0x000001e4bebb4960 method=java.lang.String.hashCode()I @ 42 c2
Event: 0.157 Thread 0x000001e4ae93f000 DEOPT PACKING pc=0x000001e4bebb4960 sp=0x000000c5936fe470
Event: 0.157 Thread 0x000001e4ae93f000 DEOPT UNPACKING pc=0x000001e4b712912f sp=0x000000c5936fe408 mode 2

Classes unloaded (0 events):
No events

Classes redefined (4 events):
Event: 33.924 Thread 0x000001e4cd8f5800 redefined class name=com.example.separateandsort.Doctor, count=1
Event: 80.353 Thread 0x000001e4cd8f5800 redefined class name=com.example.separateandsort.Doctor, count=2
Event: 91.346 Thread 0x000001e4cd8f5800 redefined class name=com.example.separateandsort.Doctor, count=3
Event: 113.510 Thread 0x000001e4cd8f5800 redefined class name=com.example.separateandsort.Doctor, count=4

Internal exceptions (0 events):
No events

Events (20 events):
Event: 113.510 Executing VM operation: RedefineClasses
Event: 113.511 Executing VM operation: RedefineClasses done
Event: 113.511 Executing VM operation: GetFrameCount
Event: 113.512 Executing VM operation: GetFrameCount done
Event: 113.512 Executing VM operation: GetFrameCount
Event: 113.512 Executing VM operation: GetFrameCount done
Event: 113.512 Executing VM operation: GetStackTrace
Event: 113.512 Executing VM operation: GetStackTrace done
Event: 113.542 Executing VM operation: ChangeBreakpoints
Event: 113.542 Executing VM operation: ChangeBreakpoints done
Event: 113.543 Executing VM operation: ChangeBreakpoints
Event: 113.543 Executing VM operation: ChangeBreakpoints done
Event: 113.549 Executing VM operation: ChangeBreakpoints
Event: 113.549 Executing VM operation: ChangeBreakpoints done
Event: 113.565 Executing VM operation: ChangeBreakpoints
Event: 113.565 Executing VM operation: ChangeBreakpoints done
Event: 113.569 Executing VM operation: GetFrameCount
Event: 113.570 Executing VM operation: GetFrameCount done
Event: 113.570 Executing VM operation: GetStackTrace
Event: 113.570 Executing VM operation: GetStackTrace done


Dynamic libraries:
0x00007ff7b3300000 - 0x00007ff7b330f000 	C:\Program Files\Java\jdk-14.0.2\bin\java.exe
0x00007ffc0a5c0000 - 0x00007ffc0a7b0000 	C:\WINDOWS\SYSTEM32\ntdll.dll
0x00007ffc08f20000 - 0x00007ffc08fd2000 	C:\WINDOWS\System32\KERNEL32.DLL
0x00007ffc07ed0000 - 0x00007ffc08174000 	C:\WINDOWS\System32\KERNELBASE.dll
0x00007ffc07dd0000 - 0x00007ffc07eca000 	C:\WINDOWS\System32\ucrtbase.dll
0x00007ffbfebd0000 - 0x00007ffbfebe5000 	C:\Program Files\Java\jdk-14.0.2\bin\VCRUNTIME140.dll
0x00007ffbfd330000 - 0x00007ffbfd348000 	C:\Program Files\Java\jdk-14.0.2\bin\jli.dll
0x00007ffc08a10000 - 0x00007ffc08ab3000 	C:\WINDOWS\System32\ADVAPI32.dll
0x00007ffc0a420000 - 0x00007ffc0a4be000 	C:\WINDOWS\System32\msvcrt.dll
0x00007ffc0a380000 - 0x00007ffc0a417000 	C:\WINDOWS\System32\sechost.dll
0x00007ffc08e00000 - 0x00007ffc08f20000 	C:\WINDOWS\System32\RPCRT4.dll
0x00007ffc08670000 - 0x00007ffc08804000 	C:\WINDOWS\System32\USER32.dll
0x00007ffc083a0000 - 0x00007ffc083c1000 	C:\WINDOWS\System32\win32u.dll
0x00007ffc09b10000 - 0x00007ffc09b36000 	C:\WINDOWS\System32\GDI32.dll
0x00007ffbec0a0000 - 0x00007ffbec324000 	C:\WINDOWS\WinSxS\amd64_microsoft.windows.common-controls_6595b64144ccf1df_6.0.18362.959_none_e6c7bbbf130c62bb\COMCTL32.dll
0x00007ffc084d0000 - 0x00007ffc08666000 	C:\WINDOWS\System32\gdi32full.dll
0x00007ffc07540000 - 0x00007ffc075de000 	C:\WINDOWS\System32\msvcp_win.dll
0x00007ffc08ac0000 - 0x00007ffc08df5000 	C:\WINDOWS\System32\combase.dll
0x00007ffc08400000 - 0x00007ffc08480000 	C:\WINDOWS\System32\bcryptPrimitives.dll
0x00007ffbff410000 - 0x00007ffbff41a000 	C:\WINDOWS\SYSTEM32\VERSION.dll
0x00007ffc089e0000 - 0x00007ffc08a0e000 	C:\WINDOWS\System32\IMM32.DLL
0x00007ffbf43b0000 - 0x00007ffbf444b000 	C:\Program Files\Java\jdk-14.0.2\bin\msvcp140.dll
0x00007ffb9ede0000 - 0x00007ffb9f8fe000 	C:\Program Files\Java\jdk-14.0.2\bin\server\jvm.dll
0x00007ffc089d0000 - 0x00007ffc089d8000 	C:\WINDOWS\System32\PSAPI.DLL
0x00007ffbe4630000 - 0x00007ffbe4639000 	C:\WINDOWS\SYSTEM32\WSOCK32.dll
0x00007ffc0a2b0000 - 0x00007ffc0a31f000 	C:\WINDOWS\System32\WS2_32.dll
0x00007ffbfa960000 - 0x00007ffbfa984000 	C:\WINDOWS\SYSTEM32\WINMM.dll
0x00007ffbfa930000 - 0x00007ffbfa95d000 	C:\WINDOWS\SYSTEM32\WINMMBASE.dll
0x00007ffc08480000 - 0x00007ffc084ca000 	C:\WINDOWS\System32\cfgmgr32.dll
0x00007ffc07480000 - 0x00007ffc07491000 	C:\WINDOWS\System32\kernel.appcore.dll
0x00007ffc019c0000 - 0x00007ffc019ca000 	C:\Program Files\Java\jdk-14.0.2\bin\jimage.dll
0x00007ffc05ce0000 - 0x00007ffc05ed4000 	C:\WINDOWS\SYSTEM32\DBGHELP.DLL
0x00007ffbfce60000 - 0x00007ffbfce8a000 	C:\WINDOWS\SYSTEM32\dbgcore.DLL
0x00007ffbf39a0000 - 0x00007ffbf39d8000 	C:\Program Files\Java\jdk-14.0.2\bin\jdwp.dll
0x00007ffbfd300000 - 0x00007ffbfd325000 	C:\Program Files\Java\jdk-14.0.2\bin\java.dll
0x00007ffbfbd80000 - 0x00007ffbfbd96000 	C:\Program Files\Java\jdk-14.0.2\bin\zip.dll
0x00007ffc09bc0000 - 0x00007ffc0a2a6000 	C:\WINDOWS\System32\SHELL32.dll
0x00007ffc09120000 - 0x00007ffc091c9000 	C:\WINDOWS\System32\shcore.dll
0x00007ffc075e0000 - 0x00007ffc07d62000 	C:\WINDOWS\System32\windows.storage.dll
0x00007ffc074f0000 - 0x00007ffc07513000 	C:\WINDOWS\System32\profapi.dll
0x00007ffc074a0000 - 0x00007ffc074ea000 	C:\WINDOWS\System32\powrprof.dll
0x00007ffc07470000 - 0x00007ffc07480000 	C:\WINDOWS\System32\UMPDC.dll
0x00007ffc0a520000 - 0x00007ffc0a572000 	C:\WINDOWS\System32\shlwapi.dll
0x00007ffc08380000 - 0x00007ffc08397000 	C:\WINDOWS\System32\cryptsp.dll
0x00007ffbfef40000 - 0x00007ffbfef4b000 	C:\Program Files\Java\jdk-14.0.2\bin\dt_socket.dll
0x00007ffc069f0000 - 0x00007ffc06a2a000 	C:\WINDOWS\SYSTEM32\IPHLPAPI.DLL
0x00007ffc06ce0000 - 0x00007ffc06d47000 	C:\WINDOWS\system32\mswsock.dll
0x00007ffbfa3f0000 - 0x00007ffbfa409000 	C:\Program Files\Java\jdk-14.0.2\bin\net.dll
0x00007ffc014d0000 - 0x00007ffc015c0000 	C:\WINDOWS\SYSTEM32\WINHTTP.dll
0x00007ffbf4390000 - 0x00007ffbf43a2000 	C:\Program Files\Java\jdk-14.0.2\bin\nio.dll

dbghelp: loaded successfully - version: 4.0.5 - missing functions: none
symbol engine: initialized successfully - sym options: 0x614 - pdb path: .;C:\Program Files\Java\jdk-14.0.2\bin;C:\WINDOWS\SYSTEM32;C:\WINDOWS\WinSxS\amd64_microsoft.windows.common-controls_6595b64144ccf1df_6.0.18362.959_none_e6c7bbbf130c62bb;C:\Program Files\Java\jdk-14.0.2\bin\server

VM Arguments:
jvm_args: -agentlib:jdwp=transport=dt_socket,address=127.0.0.1:50903,suspend=y,server=n -Dfile.encoding=UTF-8 
java_command: com.example.separateandsort.SeparateAndSort
java_class_path (initial): C:\Users\hanna\IdeaProjects\Separate and sort\out\production\Separate and sort;C:\Users\hanna\commons-lang3-3.10.jar;C:\Program Files\JetBrains\IntelliJ IDEA Community Edition 2018.2.5\lib\idea_rt.jar
Launcher Type: SUN_STANDARD

[Global flags]
     intx CICompilerCount                          = 4                                         {product} {ergonomic}
     uint ConcGCThreads                            = 2                                         {product} {ergonomic}
     uint G1ConcRefinementThreads                  = 8                                         {product} {ergonomic}
   size_t G1HeapRegionSize                         = 1048576                                   {product} {ergonomic}
    uintx GCDrainStackTargetSize                   = 64                                        {product} {ergonomic}
   size_t InitialHeapSize                          = 132120576                                 {product} {ergonomic}
   size_t MarkStackSize                            = 4194304                                   {product} {ergonomic}
   size_t MaxHeapSize                              = 2107637760                                {product} {ergonomic}
   size_t MaxNewSize                               = 1264582656                                {product} {ergonomic}
   size_t MinHeapDeltaBytes                        = 1048576                                   {product} {ergonomic}
   size_t MinHeapSize                              = 8388608                                   {product} {ergonomic}
    uintx NonNMethodCodeHeapSize                   = 5839372                                {pd product} {ergonomic}
    uintx NonProfiledCodeHeapSize                  = 122909434                              {pd product} {ergonomic}
    uintx ProfiledCodeHeapSize                     = 122909434                              {pd product} {ergonomic}
    uintx ReservedCodeCacheSize                    = 251658240                              {pd product} {ergonomic}
     bool SegmentedCodeCache                       = true                                      {product} {ergonomic}
   size_t SoftMaxHeapSize                          = 2107637760                             {manageable} {ergonomic}
     bool UseCompressedClassPointers               = true                                 {lp64_product} {ergonomic}
     bool UseCompressedOops                        = true                                 {lp64_product} {ergonomic}
     bool UseG1GC                                  = true                                      {product} {ergonomic}
     bool UseLargePagesIndividualAllocation        = false                                  {pd product} {ergonomic}

Logging:
Log output configuration:
 #0: stdout all=warning uptime,level,tags
 #1: stderr all=off uptime,level,tags

Environment Variables:
PATH=C:\Program Files\FileMaker\FileMaker Server\Web Publishing\publishing-engine\php\;C:\Program Files\Microsoft MPI\Bin\;C:\Program Files (x86)\Intel\Intel(R) Management Engine Components\iCLS\;C:\Program Files\Intel\Intel(R) Management Engine Components\iCLS\;C:\WINDOWS\system32;C:\WINDOWS;C:\WINDOWS\System32\Wbem;C:\WINDOWS\System32\WindowsPowerShell\v1.0\;C:\Program Files (x86)\Intel\Intel(R) Management Engine Components\DAL;C:\Program Files\Intel\Intel(R) Management Engine Components\DAL;C:\Program Files (x86)\Intel\Intel(R) Management Engine Components\IPT;C:\Program Files\Intel\Intel(R) Management Engine Components\IPT;C:\Program Files\PuTTY\;C:\WINDOWS\System32\OpenSSH\;C:\Program Files (x86)\Microsoft SQL Server\150\DTS\Binn\;C:\Program Files (x86)\Microsoft SQL Server\Client SDK\ODBC\130\Tools\Binn\;C:\Program Files (x86)\Microsoft SQL Server\140\Tools\Binn\;C:\Program Files (x86)\Microsoft SQL Server\140\DTS\Binn\;C:\Program Files (x86)\Microsoft SQL Server\140\Tools\Binn\ManagementStudio\;C:\Program Files\dotnet\;C:\Program Files\Microsoft SQL Server\130\Tools\Binn\;C:\Program Files (x86)\Yarn\bin\;C:\Program Files\MiKTeX 2.9\miktex\bin\x64\;C:\Program Files\Git\cmd;C:\Program Files\nodejs\;C:\Program Files\Microsoft SQL Server\Client SDK\ODBC\170\Tools\Binn\;C:\Program Files\FileMaker\FileMaker Server\Database Server\;C:\Users\hanna\AppData\Local\Microsoft\WindowsApps;C:\Users\hanna\AppData\Local\atom\bin;C:\Users\hanna\AppData\Local\GitHubDesktop\bin;C:\Users\hanna\AppData\Local\Yarn\bin;C:\Users\hanna\AppData\Local\Microsoft\WindowsApps;;C:\Users\hanna\AppData\Local\Programs\Microsoft VS Code\bin;C:\Users\hanna\AppData\Roaming\npm
USERNAME=hanna
OS=Windows_NT
PROCESSOR_IDENTIFIER=Intel64 Family 6 Model 142 Stepping 10, GenuineIntel



---------------  S Y S T E M  ---------------

OS: Windows 10 , 64 bit Build 18362 (10.0.18362.959)
OS uptime: 0 days 11:16 hours

CPU:total 8 (initial active 8) (4 cores per cpu, 2 threads per core) family 6 model 142 stepping 10, cmov, cx8, fxsr, mmx, sse, sse2, sse3, ssse3, sse4.1, sse4.2, popcnt, avx, avx2, aes, clmul, erms, 3dnowpref, lzcnt, ht, tsc, tscinvbit, bmi1, bmi2, adx, fma

Memory: 4k page, system-wide physical 8033M (1003M free)
TotalPageFile size 18858M (AvailPageFile size 2152M)
current process WorkingSet (physical memory assigned to process): 28M, peak: 29M
current process commit charge ("private bytes"): 212M, peak: 213M

vm_info: Java HotSpot(TM) 64-Bit Server VM (14.0.2+12-46) for windows-amd64 JRE (14.0.2+12-46), built on Jul  9 2020 00:35:52 by "mach5one" with MS VC++ 15.9 (VS2017)

END.
