#
# A fatal error has been detected by the Java Runtime Environment:
#
#  EXCEPTION_ACCESS_VIOLATION (0xc0000005) at pc=0x00007ffb9efe6699, pid=11324, tid=26616
#
# JRE version: Java(TM) SE Runtime Environment (14.0.2+12) (build 14.0.2+12-46)
# Java VM: Java HotSpot(TM) 64-Bit Server VM (14.0.2+12-46, mixed mode, sharing, tiered, compressed oops, g1 gc, windows-amd64)
# Problematic frame:
# V  [jvm.dll+0x206699]
#
# No core dump will be written. Minidumps are not enabled by default on client versions of Windows
#
# If you would like to submit a bug report, please visit:
#   https://bugreport.java.com/bugreport/crash.jsp
#

---------------  S U M M A R Y ------------

Command Line: -agentlib:jdwp=transport=dt_socket,address=127.0.0.1:50980,suspend=y,server=n -Dfile.encoding=UTF-8 com.example.separateandsort.SeparateAndSort

Host: Intel(R) Core(TM) i7-8550U CPU @ 1.80GHz, 8 cores, 7G,  Windows 10 , 64 bit Build 18362 (10.0.18362.959)
Time: Wed Jul 15 09:38:56 2020 Pacific Daylight Time elapsed time: 169 seconds (0d 0h 2m 49s)

---------------  T H R E A D  ---------------

Current thread (0x00000245f7871800):  JavaThread "JDWP Transport Listener: dt_socket" daemon [_thread_in_vm, id=26616, stack(0x00000062fa700000,0x00000062fa800000)] _threads_hazard_ptr=0x00000245f78a9970

Stack: [0x00000062fa700000,0x00000062fa800000],  sp=0x00000062fa7fe658,  free space=1017k
Native frames: (J=compiled Java code, j=interpreted, Vv=VM code, C=native code)
V  [jvm.dll+0x206699]


siginfo: EXCEPTION_ACCESS_VIOLATION (0xc0000005), reading address 0x00000245f73e56b8


Register to memory mapping:

RIP=0x00007ffb9efe6699 jvm.dll
RAX=0x0000000000194180 is an unknown value
RBX=0x00000245f72509c8 is pointing into metadata
RCX=0x00000245f7251538 is pointing into metadata
RDX=0x000000000000ca0b is an unknown value
RSP=0x00000062fa7fe658 is pointing into the stack for thread: 0x00000245f7871800
RBP=0x00000062fa7fec00 is pointing into the stack for thread: 0x00000245f7871800
RSI=0x00000062fa7fed70 is pointing into the stack for thread: 0x00000245f7871800
RDI=0x00000062fa7fed70 is pointing into the stack for thread: 0x00000245f7871800
R8 =0x0 is NULL
R9 =0x00000245f72509c8 is pointing into metadata
R10=0x00007ffb9ede0000 jvm.dll
R11={method} {0x00000245f7251468} 'createDoctorList' '(Ljava/util/List;)Ljava/util/List;' in 'com/example/separateandsort/Doctor'
R12=0x00000245f77f2420 points into unknown readable memory: 00 00 00 00 2a 00 00 00
R13=0x0000000000000050 is an unknown value
R14=0x00000245f725136c is pointing into metadata
R15=0x0000000000000077 is an unknown value


Registers:
RAX=0x0000000000194180, RBX=0x00000245f72509c8, RCX=0x00000245f7251538, RDX=0x000000000000ca0b
RSP=0x00000062fa7fe658, RBP=0x00000062fa7fec00, RSI=0x00000062fa7fed70, RDI=0x00000062fa7fed70
R8 =0x0000000000000000, R9 =0x00000245f72509c8, R10=0x00007ffb9ede0000, R11=0x00000245f7251460
R12=0x00000245f77f2420, R13=0x0000000000000050, R14=0x00000245f725136c, R15=0x0000000000000077
RIP=0x00007ffb9efe6699, EFLAGS=0x0000000000010202

Top of Stack: (sp=0x00000062fa7fe658)
0x00000062fa7fe658:   00007ffb9efe671e 00000062fa7fe6c0
0x00000062fa7fe668:   0000000000000000 0000000000000000
0x00000062fa7fe678:   0000000000000000 0000000000000000
0x00000062fa7fe688:   00007ffb9f0cf310 0000000000000000
0x00000062fa7fe698:   00000062fa7fed70 0000000000000000
0x00000062fa7fe6a8:   0000000000000000 0000000000000000
0x00000062fa7fe6b8:   0000000000000000 00007ffb9f635740
0x00000062fa7fe6c8:   0000000800410660 0000000000000004
0x00000062fa7fe6d8:   000000000000000c 00000062fa7fe700
0x00000062fa7fe6e8:   0000000000000003 0000000046000048
0x00000062fa7fe6f8:   0000000000000000 2fffffff4fffffff
0x00000062fa7fe708:   000000002fffffff 0000000000000000
0x00000062fa7fe718:   0000000000000000 0000000000000000
0x00000062fa7fe728:   0000000000000000 0000000000000000
0x00000062fa7fe738:   0000000000000000 0000000000000000
0x00000062fa7fe748:   0000000000000000 0000000000000000 

Instructions: (pc=0x00007ffb9efe6699)
0x00007ffb9efe6599:   03 03 03 03 03 03 03 03 03 03 03 03 03 03 03 03
0x00007ffb9efe65a9:   03 03 03 03 03 03 03 03 03 03 03 03 03 03 03 03
0x00007ffb9efe65b9:   03 03 03 03 03 03 03 03 03 03 03 03 03 03 03 03
0x00007ffb9efe65c9:   03 03 03 03 03 03 03 03 03 03 03 03 03 03 03 03
0x00007ffb9efe65d9:   03 03 02 03 03 02 cc 48 89 5c 24 08 48 89 74 24
0x00007ffb9efe65e9:   10 57 48 83 ec 20 48 63 da 41 0f b6 f0 48 8b f9
0x00007ffb9efe65f9:   85 d2 79 24 4c 8d 0d 0c 83 63 00 ba 99 02 00 00
0x00007ffb9efe6609:   4c 8d 05 38 83 63 00 48 8d 0d b1 82 63 00 e8 94
0x00007ffb9efe6619:   6b 00 00 e8 cf 1f 3f 00 40 84 f6 75 18 48 8b 4f
0x00007ffb9efe6629:   10 48 85 c9 74 0f 48 8d 43 01 48 c1 e0 05 48 8b
0x00007ffb9efe6639:   04 08 0f b7 d8 48 8b 74 24 38 48 63 c3 48 8b 5c
0x00007ffb9efe6649:   24 30 0f b7 44 c7 40 48 83 c4 20 5f c3 cc cc cc
0x00007ffb9efe6659:   cc cc cc cc cc cc cc 4c 8b c9 45 84 c0 75 42 48
0x00007ffb9efe6669:   8b 49 10 48 85 c9 74 39 85 d2 79 1a f7 d2 48 63
0x00007ffb9efe6679:   c2 48 ff c0 48 c1 e0 05 48 8b 04 08 0f b7 c8 41
0x00007ffb9efe6689:   0f b7 44 c9 42 c3 48 63 c2 48 ff c0 48 c1 e0 05
0x00007ffb9efe6699:   48 8b 04 08 0f b7 d0 48 63 c2 41 0f b7 44 c1 42
0x00007ffb9efe66a9:   c3 49 8b 41 08 4c 63 c2 42 0f b6 44 00 04 8d 48
0x00007ffb9efe66b9:   ef 80 f9 01 76 0e 3c 6a 74 0a 48 63 c2 41 0f b7
0x00007ffb9efe66c9:   44 c1 42 c3 43 0f b7 44 c1 42 c3 cc cc cc cc cc
0x00007ffb9efe66d9:   cc cc cc cc cc cc cc 40 53 48 83 ec 20 48 8b d9
0x00007ffb9efe66e9:   e8 72 ff ff ff 48 63 d0 0f b7 44 d3 40 48 8b 44
0x00007ffb9efe66f9:   c3 40 48 83 c4 20 5b c3 cc cc cc cc cc cc cc cc
0x00007ffb9efe6709:   cc cc cc cc cc cc cc 40 53 48 83 ec 20 48 8b d9
0x00007ffb9efe6719:   e8 42 ff ff ff 48 63 d0 0f b7 44 d3 42 48 8b 44
0x00007ffb9efe6729:   c3 40 48 83 c4 20 5b c3 cc cc cc cc cc cc cc cc
0x00007ffb9efe6739:   cc cc cc cc cc cc cc 4c 8b d1 45 84 c9 75 23 4c
0x00007ffb9efe6749:   8b 49 10 4d 85 c9 74 1a 45 85 c0 79 03 41 f7 d0
0x00007ffb9efe6759:   49 63 c0 48 ff c0 48 c1 e0 05 4a 8b 04 08 44 0f
0x00007ffb9efe6769:   b7 c0 49 8b 42 08 49 63 c8 0f b6 4c 08 04 48 8b
0x00007ffb9efe6779:   c2 88 0a c3 cc cc cc 40 56 57 41 54 41 56 41 57
0x00007ffb9efe6789:   48 83 ec 20 45 8b 30 49 8b f0 49 63 f9 4c 8b e2 


Stack slot to memory mapping:
stack at sp + 0 slots: 0x00007ffb9efe671e jvm.dll
stack at sp + 1 slots: 0x00000062fa7fe6c0 is pointing into the stack for thread: 0x00000245f7871800
stack at sp + 2 slots: 0x0 is NULL
stack at sp + 3 slots: 0x0 is NULL
stack at sp + 4 slots: 0x0 is NULL
stack at sp + 5 slots: 0x0 is NULL
stack at sp + 6 slots: 0x00007ffb9f0cf310 jvm.dll
stack at sp + 7 slots: 0x0 is NULL


---------------  P R O C E S S  ---------------

Threads class SMR info:
_java_thread_list=0x00000245f78a9970, length=14, elements={
0x00000245d5e7f000, 0x00000245f6e06000, 0x00000245f6e08800, 0x00000245f6e1c800,
0x00000245f6e20800, 0x00000245f6e22800, 0x00000245f6e24000, 0x00000245f6e26000,
0x00000245f6e31800, 0x00000245f7871800, 0x00000245f7877000, 0x00000245f788f000,
0x00000245f78ae800, 0x00000245f78af800
}

Java Threads: ( => current thread )
  0x00000245d5e7f000 JavaThread "main" [_thread_blocked, id=10088, stack(0x00000062f9800000,0x00000062f9900000)]
  0x00000245f6e06000 JavaThread "Reference Handler" daemon [_thread_blocked, id=20088, stack(0x00000062f9f00000,0x00000062fa000000)]
  0x00000245f6e08800 JavaThread "Finalizer" daemon [_thread_blocked, id=18704, stack(0x00000062fa000000,0x00000062fa100000)]
  0x00000245f6e1c800 JavaThread "Signal Dispatcher" daemon [_thread_blocked, id=12608, stack(0x00000062fa100000,0x00000062fa200000)]
  0x00000245f6e20800 JavaThread "Attach Listener" daemon [_thread_blocked, id=5728, stack(0x00000062fa200000,0x00000062fa300000)]
  0x00000245f6e22800 JavaThread "Service Thread" daemon [_thread_blocked, id=968, stack(0x00000062fa300000,0x00000062fa400000)]
  0x00000245f6e24000 JavaThread "C2 CompilerThread0" daemon [_thread_blocked, id=16812, stack(0x00000062fa400000,0x00000062fa500000)]
  0x00000245f6e26000 JavaThread "C1 CompilerThread0" daemon [_thread_blocked, id=22316, stack(0x00000062fa500000,0x00000062fa600000)]
  0x00000245f6e31800 JavaThread "Sweeper thread" daemon [_thread_blocked, id=1064, stack(0x00000062fa600000,0x00000062fa700000)]
=>0x00000245f7871800 JavaThread "JDWP Transport Listener: dt_socket" daemon [_thread_in_vm, id=26616, stack(0x00000062fa700000,0x00000062fa800000)]
  0x00000245f7877000 JavaThread "JDWP Event Helper Thread" daemon [_thread_blocked, id=4732, stack(0x00000062fa800000,0x00000062fa900000)]
  0x00000245f788f000 JavaThread "JDWP Command Reader" daemon [_thread_in_native, id=13208, stack(0x00000062fa900000,0x00000062faa00000)]
  0x00000245f78ae800 JavaThread "Notification Thread" daemon [_thread_blocked, id=27128, stack(0x00000062faa00000,0x00000062fab00000)]
  0x00000245f78af800 JavaThread "Common-Cleaner" daemon [_thread_blocked, id=26144, stack(0x00000062fac00000,0x00000062fad00000)]

Other Threads:
  0x00000245f6e04000 VMThread "VM Thread" [stack: 0x00000062f9e00000,0x00000062f9f00000] [id=25572]
  0x00000245f7896000 WatcherThread [stack: 0x00000062fab00000,0x00000062fac00000] [id=25672]
  0x00000245d5ec1000 GCTaskThread "GC Thread#0" [stack: 0x00000062f9900000,0x00000062f9a00000] [id=25640]
  0x00000245d5ed3800 ConcurrentGCThread "G1 Main Marker" [stack: 0x00000062f9a00000,0x00000062f9b00000] [id=12972]
  0x00000245d5ed4800 ConcurrentGCThread "G1 Conc#0" [stack: 0x00000062f9b00000,0x00000062f9c00000] [id=20148]
  0x00000245f6c74800 ConcurrentGCThread "G1 Refine#0" [stack: 0x00000062f9c00000,0x00000062f9d00000] [id=1860]
  0x00000245f6c75800 ConcurrentGCThread "G1 Young RemSet Sampling" [stack: 0x00000062f9d00000,0x00000062f9e00000] [id=23452]

Threads with active compile tasks:

VM state:not at safepoint (normal execution)

VM Mutex/Monitor currently owned by a thread: None

Heap address: 0x0000000082600000, size: 2010 MB, Compressed Oops mode: 32-bit
Narrow klass base: 0x0000000800000000, Narrow klass shift: 3
Compressed class space size: 1073741824 Address: 0x0000000800b30000

Heap:
 garbage-first heap   total 129024K, used 1024K [0x0000000082600000, 0x0000000100000000)
  region size 1024K, 2 young (2048K), 0 survivors (0K)
 Metaspace       used 473K, capacity 4564K, committed 4864K, reserved 1056768K
  class space    used 36K, capacity 388K, committed 512K, reserved 1048576K
Heap Regions: E=young(eden), S=young(survivor), O=old, HS=humongous(starts), HC=humongous(continues), CS=collection set, F=free, OA=open archive, CA=closed archive, TAMS=top-at-mark-start (previous, next)
|   0|0x0000000082600000, 0x0000000082600000, 0x0000000082700000|  0%| F|  |TAMS 0x0000000082600000, 0x0000000082600000| Untracked 
|   1|0x0000000082700000, 0x0000000082700000, 0x0000000082800000|  0%| F|  |TAMS 0x0000000082700000, 0x0000000082700000| Untracked 
|   2|0x0000000082800000, 0x0000000082800000, 0x0000000082900000|  0%| F|  |TAMS 0x0000000082800000, 0x0000000082800000| Untracked 
|   3|0x0000000082900000, 0x0000000082900000, 0x0000000082a00000|  0%| F|  |TAMS 0x0000000082900000, 0x0000000082900000| Untracked 
|   4|0x0000000082a00000, 0x0000000082a00000, 0x0000000082b00000|  0%| F|  |TAMS 0x0000000082a00000, 0x0000000082a00000| Untracked 
|   5|0x0000000082b00000, 0x0000000082b00000, 0x0000000082c00000|  0%| F|  |TAMS 0x0000000082b00000, 0x0000000082b00000| Untracked 
|   6|0x0000000082c00000, 0x0000000082c00000, 0x0000000082d00000|  0%| F|  |TAMS 0x0000000082c00000, 0x0000000082c00000| Untracked 
|   7|0x0000000082d00000, 0x0000000082d00000, 0x0000000082e00000|  0%| F|  |TAMS 0x0000000082d00000, 0x0000000082d00000| Untracked 
|   8|0x0000000082e00000, 0x0000000082e00000, 0x0000000082f00000|  0%| F|  |TAMS 0x0000000082e00000, 0x0000000082e00000| Untracked 
|   9|0x0000000082f00000, 0x0000000082f00000, 0x0000000083000000|  0%| F|  |TAMS 0x0000000082f00000, 0x0000000082f00000| Untracked 
|  10|0x0000000083000000, 0x0000000083000000, 0x0000000083100000|  0%| F|  |TAMS 0x0000000083000000, 0x0000000083000000| Untracked 
|  11|0x0000000083100000, 0x0000000083100000, 0x0000000083200000|  0%| F|  |TAMS 0x0000000083100000, 0x0000000083100000| Untracked 
|  12|0x0000000083200000, 0x0000000083200000, 0x0000000083300000|  0%| F|  |TAMS 0x0000000083200000, 0x0000000083200000| Untracked 
|  13|0x0000000083300000, 0x0000000083300000, 0x0000000083400000|  0%| F|  |TAMS 0x0000000083300000, 0x0000000083300000| Untracked 
|  14|0x0000000083400000, 0x0000000083400000, 0x0000000083500000|  0%| F|  |TAMS 0x0000000083400000, 0x0000000083400000| Untracked 
|  15|0x0000000083500000, 0x0000000083500000, 0x0000000083600000|  0%| F|  |TAMS 0x0000000083500000, 0x0000000083500000| Untracked 
|  16|0x0000000083600000, 0x0000000083600000, 0x0000000083700000|  0%| F|  |TAMS 0x0000000083600000, 0x0000000083600000| Untracked 
|  17|0x0000000083700000, 0x0000000083700000, 0x0000000083800000|  0%| F|  |TAMS 0x0000000083700000, 0x0000000083700000| Untracked 
|  18|0x0000000083800000, 0x0000000083800000, 0x0000000083900000|  0%| F|  |TAMS 0x0000000083800000, 0x0000000083800000| Untracked 
|  19|0x0000000083900000, 0x0000000083900000, 0x0000000083a00000|  0%| F|  |TAMS 0x0000000083900000, 0x0000000083900000| Untracked 
|  20|0x0000000083a00000, 0x0000000083a00000, 0x0000000083b00000|  0%| F|  |TAMS 0x0000000083a00000, 0x0000000083a00000| Untracked 
|  21|0x0000000083b00000, 0x0000000083b00000, 0x0000000083c00000|  0%| F|  |TAMS 0x0000000083b00000, 0x0000000083b00000| Untracked 
|  22|0x0000000083c00000, 0x0000000083c00000, 0x0000000083d00000|  0%| F|  |TAMS 0x0000000083c00000, 0x0000000083c00000| Untracked 
|  23|0x0000000083d00000, 0x0000000083d00000, 0x0000000083e00000|  0%| F|  |TAMS 0x0000000083d00000, 0x0000000083d00000| Untracked 
|  24|0x0000000083e00000, 0x0000000083e00000, 0x0000000083f00000|  0%| F|  |TAMS 0x0000000083e00000, 0x0000000083e00000| Untracked 
|  25|0x0000000083f00000, 0x0000000083f00000, 0x0000000084000000|  0%| F|  |TAMS 0x0000000083f00000, 0x0000000083f00000| Untracked 
|  26|0x0000000084000000, 0x0000000084000000, 0x0000000084100000|  0%| F|  |TAMS 0x0000000084000000, 0x0000000084000000| Untracked 
|  27|0x0000000084100000, 0x0000000084100000, 0x0000000084200000|  0%| F|  |TAMS 0x0000000084100000, 0x0000000084100000| Untracked 
|  28|0x0000000084200000, 0x0000000084200000, 0x0000000084300000|  0%| F|  |TAMS 0x0000000084200000, 0x0000000084200000| Untracked 
|  29|0x0000000084300000, 0x0000000084300000, 0x0000000084400000|  0%| F|  |TAMS 0x0000000084300000, 0x0000000084300000| Untracked 
|  30|0x0000000084400000, 0x0000000084400000, 0x0000000084500000|  0%| F|  |TAMS 0x0000000084400000, 0x0000000084400000| Untracked 
|  31|0x0000000084500000, 0x0000000084500000, 0x0000000084600000|  0%| F|  |TAMS 0x0000000084500000, 0x0000000084500000| Untracked 
|  32|0x0000000084600000, 0x0000000084600000, 0x0000000084700000|  0%| F|  |TAMS 0x0000000084600000, 0x0000000084600000| Untracked 
|  33|0x0000000084700000, 0x0000000084700000, 0x0000000084800000|  0%| F|  |TAMS 0x0000000084700000, 0x0000000084700000| Untracked 
|  34|0x0000000084800000, 0x0000000084800000, 0x0000000084900000|  0%| F|  |TAMS 0x0000000084800000, 0x0000000084800000| Untracked 
|  35|0x0000000084900000, 0x0000000084900000, 0x0000000084a00000|  0%| F|  |TAMS 0x0000000084900000, 0x0000000084900000| Untracked 
|  36|0x0000000084a00000, 0x0000000084a00000, 0x0000000084b00000|  0%| F|  |TAMS 0x0000000084a00000, 0x0000000084a00000| Untracked 
|  37|0x0000000084b00000, 0x0000000084b00000, 0x0000000084c00000|  0%| F|  |TAMS 0x0000000084b00000, 0x0000000084b00000| Untracked 
|  38|0x0000000084c00000, 0x0000000084c00000, 0x0000000084d00000|  0%| F|  |TAMS 0x0000000084c00000, 0x0000000084c00000| Untracked 
|  39|0x0000000084d00000, 0x0000000084d00000, 0x0000000084e00000|  0%| F|  |TAMS 0x0000000084d00000, 0x0000000084d00000| Untracked 
|  40|0x0000000084e00000, 0x0000000084e00000, 0x0000000084f00000|  0%| F|  |TAMS 0x0000000084e00000, 0x0000000084e00000| Untracked 
|  41|0x0000000084f00000, 0x0000000084f00000, 0x0000000085000000|  0%| F|  |TAMS 0x0000000084f00000, 0x0000000084f00000| Untracked 
|  42|0x0000000085000000, 0x0000000085000000, 0x0000000085100000|  0%| F|  |TAMS 0x0000000085000000, 0x0000000085000000| Untracked 
|  43|0x0000000085100000, 0x0000000085100000, 0x0000000085200000|  0%| F|  |TAMS 0x0000000085100000, 0x0000000085100000| Untracked 
|  44|0x0000000085200000, 0x0000000085200000, 0x0000000085300000|  0%| F|  |TAMS 0x0000000085200000, 0x0000000085200000| Untracked 
|  45|0x0000000085300000, 0x0000000085300000, 0x0000000085400000|  0%| F|  |TAMS 0x0000000085300000, 0x0000000085300000| Untracked 
|  46|0x0000000085400000, 0x0000000085400000, 0x0000000085500000|  0%| F|  |TAMS 0x0000000085400000, 0x0000000085400000| Untracked 
|  47|0x0000000085500000, 0x0000000085500000, 0x0000000085600000|  0%| F|  |TAMS 0x0000000085500000, 0x0000000085500000| Untracked 
|  48|0x0000000085600000, 0x0000000085600000, 0x0000000085700000|  0%| F|  |TAMS 0x0000000085600000, 0x0000000085600000| Untracked 
|  49|0x0000000085700000, 0x0000000085700000, 0x0000000085800000|  0%| F|  |TAMS 0x0000000085700000, 0x0000000085700000| Untracked 
|  50|0x0000000085800000, 0x0000000085800000, 0x0000000085900000|  0%| F|  |TAMS 0x0000000085800000, 0x0000000085800000| Untracked 
|  51|0x0000000085900000, 0x0000000085900000, 0x0000000085a00000|  0%| F|  |TAMS 0x0000000085900000, 0x0000000085900000| Untracked 
|  52|0x0000000085a00000, 0x0000000085a00000, 0x0000000085b00000|  0%| F|  |TAMS 0x0000000085a00000, 0x0000000085a00000| Untracked 
|  53|0x0000000085b00000, 0x0000000085b00000, 0x0000000085c00000|  0%| F|  |TAMS 0x0000000085b00000, 0x0000000085b00000| Untracked 
|  54|0x0000000085c00000, 0x0000000085c00000, 0x0000000085d00000|  0%| F|  |TAMS 0x0000000085c00000, 0x0000000085c00000| Untracked 
|  55|0x0000000085d00000, 0x0000000085d00000, 0x0000000085e00000|  0%| F|  |TAMS 0x0000000085d00000, 0x0000000085d00000| Untracked 
|  56|0x0000000085e00000, 0x0000000085e00000, 0x0000000085f00000|  0%| F|  |TAMS 0x0000000085e00000, 0x0000000085e00000| Untracked 
|  57|0x0000000085f00000, 0x0000000085f00000, 0x0000000086000000|  0%| F|  |TAMS 0x0000000085f00000, 0x0000000085f00000| Untracked 
|  58|0x0000000086000000, 0x0000000086000000, 0x0000000086100000|  0%| F|  |TAMS 0x0000000086000000, 0x0000000086000000| Untracked 
|  59|0x0000000086100000, 0x0000000086100000, 0x0000000086200000|  0%| F|  |TAMS 0x0000000086100000, 0x0000000086100000| Untracked 
|  60|0x0000000086200000, 0x0000000086200000, 0x0000000086300000|  0%| F|  |TAMS 0x0000000086200000, 0x0000000086200000| Untracked 
|  61|0x0000000086300000, 0x0000000086300000, 0x0000000086400000|  0%| F|  |TAMS 0x0000000086300000, 0x0000000086300000| Untracked 
|  62|0x0000000086400000, 0x0000000086400000, 0x0000000086500000|  0%| F|  |TAMS 0x0000000086400000, 0x0000000086400000| Untracked 
|  63|0x0000000086500000, 0x0000000086500000, 0x0000000086600000|  0%| F|  |TAMS 0x0000000086500000, 0x0000000086500000| Untracked 
|  64|0x0000000086600000, 0x0000000086600000, 0x0000000086700000|  0%| F|  |TAMS 0x0000000086600000, 0x0000000086600000| Untracked 
|  65|0x0000000086700000, 0x0000000086700000, 0x0000000086800000|  0%| F|  |TAMS 0x0000000086700000, 0x0000000086700000| Untracked 
|  66|0x0000000086800000, 0x0000000086800000, 0x0000000086900000|  0%| F|  |TAMS 0x0000000086800000, 0x0000000086800000| Untracked 
|  67|0x0000000086900000, 0x0000000086900000, 0x0000000086a00000|  0%| F|  |TAMS 0x0000000086900000, 0x0000000086900000| Untracked 
|  68|0x0000000086a00000, 0x0000000086a00000, 0x0000000086b00000|  0%| F|  |TAMS 0x0000000086a00000, 0x0000000086a00000| Untracked 
|  69|0x0000000086b00000, 0x0000000086b00000, 0x0000000086c00000|  0%| F|  |TAMS 0x0000000086b00000, 0x0000000086b00000| Untracked 
|  70|0x0000000086c00000, 0x0000000086c00000, 0x0000000086d00000|  0%| F|  |TAMS 0x0000000086c00000, 0x0000000086c00000| Untracked 
|  71|0x0000000086d00000, 0x0000000086d00000, 0x0000000086e00000|  0%| F|  |TAMS 0x0000000086d00000, 0x0000000086d00000| Untracked 
|  72|0x0000000086e00000, 0x0000000086e00000, 0x0000000086f00000|  0%| F|  |TAMS 0x0000000086e00000, 0x0000000086e00000| Untracked 
|  73|0x0000000086f00000, 0x0000000086f00000, 0x0000000087000000|  0%| F|  |TAMS 0x0000000086f00000, 0x0000000086f00000| Untracked 
|  74|0x0000000087000000, 0x0000000087000000, 0x0000000087100000|  0%| F|  |TAMS 0x0000000087000000, 0x0000000087000000| Untracked 
|  75|0x0000000087100000, 0x0000000087100000, 0x0000000087200000|  0%| F|  |TAMS 0x0000000087100000, 0x0000000087100000| Untracked 
|  76|0x0000000087200000, 0x0000000087200000, 0x0000000087300000|  0%| F|  |TAMS 0x0000000087200000, 0x0000000087200000| Untracked 
|  77|0x0000000087300000, 0x0000000087300000, 0x0000000087400000|  0%| F|  |TAMS 0x0000000087300000, 0x0000000087300000| Untracked 
|  78|0x0000000087400000, 0x0000000087400000, 0x0000000087500000|  0%| F|  |TAMS 0x0000000087400000, 0x0000000087400000| Untracked 
|  79|0x0000000087500000, 0x0000000087500000, 0x0000000087600000|  0%| F|  |TAMS 0x0000000087500000, 0x0000000087500000| Untracked 
|  80|0x0000000087600000, 0x0000000087600000, 0x0000000087700000|  0%| F|  |TAMS 0x0000000087600000, 0x0000000087600000| Untracked 
|  81|0x0000000087700000, 0x0000000087700000, 0x0000000087800000|  0%| F|  |TAMS 0x0000000087700000, 0x0000000087700000| Untracked 
|  82|0x0000000087800000, 0x0000000087800000, 0x0000000087900000|  0%| F|  |TAMS 0x0000000087800000, 0x0000000087800000| Untracked 
|  83|0x0000000087900000, 0x0000000087900000, 0x0000000087a00000|  0%| F|  |TAMS 0x0000000087900000, 0x0000000087900000| Untracked 
|  84|0x0000000087a00000, 0x0000000087a00000, 0x0000000087b00000|  0%| F|  |TAMS 0x0000000087a00000, 0x0000000087a00000| Untracked 
|  85|0x0000000087b00000, 0x0000000087b00000, 0x0000000087c00000|  0%| F|  |TAMS 0x0000000087b00000, 0x0000000087b00000| Untracked 
|  86|0x0000000087c00000, 0x0000000087c00000, 0x0000000087d00000|  0%| F|  |TAMS 0x0000000087c00000, 0x0000000087c00000| Untracked 
|  87|0x0000000087d00000, 0x0000000087d00000, 0x0000000087e00000|  0%| F|  |TAMS 0x0000000087d00000, 0x0000000087d00000| Untracked 
|  88|0x0000000087e00000, 0x0000000087e00000, 0x0000000087f00000|  0%| F|  |TAMS 0x0000000087e00000, 0x0000000087e00000| Untracked 
|  89|0x0000000087f00000, 0x0000000087f00000, 0x0000000088000000|  0%| F|  |TAMS 0x0000000087f00000, 0x0000000087f00000| Untracked 
|  90|0x0000000088000000, 0x0000000088000000, 0x0000000088100000|  0%| F|  |TAMS 0x0000000088000000, 0x0000000088000000| Untracked 
|  91|0x0000000088100000, 0x0000000088100000, 0x0000000088200000|  0%| F|  |TAMS 0x0000000088100000, 0x0000000088100000| Untracked 
|  92|0x0000000088200000, 0x0000000088200000, 0x0000000088300000|  0%| F|  |TAMS 0x0000000088200000, 0x0000000088200000| Untracked 
|  93|0x0000000088300000, 0x0000000088300000, 0x0000000088400000|  0%| F|  |TAMS 0x0000000088300000, 0x0000000088300000| Untracked 
|  94|0x0000000088400000, 0x0000000088400000, 0x0000000088500000|  0%| F|  |TAMS 0x0000000088400000, 0x0000000088400000| Untracked 
|  95|0x0000000088500000, 0x0000000088500000, 0x0000000088600000|  0%| F|  |TAMS 0x0000000088500000, 0x0000000088500000| Untracked 
|  96|0x0000000088600000, 0x0000000088600000, 0x0000000088700000|  0%| F|  |TAMS 0x0000000088600000, 0x0000000088600000| Untracked 
|  97|0x0000000088700000, 0x0000000088700000, 0x0000000088800000|  0%| F|  |TAMS 0x0000000088700000, 0x0000000088700000| Untracked 
|  98|0x0000000088800000, 0x0000000088800000, 0x0000000088900000|  0%| F|  |TAMS 0x0000000088800000, 0x0000000088800000| Untracked 
|  99|0x0000000088900000, 0x0000000088900000, 0x0000000088a00000|  0%| F|  |TAMS 0x0000000088900000, 0x0000000088900000| Untracked 
| 100|0x0000000088a00000, 0x0000000088a00000, 0x0000000088b00000|  0%| F|  |TAMS 0x0000000088a00000, 0x0000000088a00000| Untracked 
| 101|0x0000000088b00000, 0x0000000088b00000, 0x0000000088c00000|  0%| F|  |TAMS 0x0000000088b00000, 0x0000000088b00000| Untracked 
| 102|0x0000000088c00000, 0x0000000088c00000, 0x0000000088d00000|  0%| F|  |TAMS 0x0000000088c00000, 0x0000000088c00000| Untracked 
| 103|0x0000000088d00000, 0x0000000088d00000, 0x0000000088e00000|  0%| F|  |TAMS 0x0000000088d00000, 0x0000000088d00000| Untracked 
| 104|0x0000000088e00000, 0x0000000088e00000, 0x0000000088f00000|  0%| F|  |TAMS 0x0000000088e00000, 0x0000000088e00000| Untracked 
| 105|0x0000000088f00000, 0x0000000088f00000, 0x0000000089000000|  0%| F|  |TAMS 0x0000000088f00000, 0x0000000088f00000| Untracked 
| 106|0x0000000089000000, 0x0000000089000000, 0x0000000089100000|  0%| F|  |TAMS 0x0000000089000000, 0x0000000089000000| Untracked 
| 107|0x0000000089100000, 0x0000000089100000, 0x0000000089200000|  0%| F|  |TAMS 0x0000000089100000, 0x0000000089100000| Untracked 
| 108|0x0000000089200000, 0x0000000089200000, 0x0000000089300000|  0%| F|  |TAMS 0x0000000089200000, 0x0000000089200000| Untracked 
| 109|0x0000000089300000, 0x0000000089300000, 0x0000000089400000|  0%| F|  |TAMS 0x0000000089300000, 0x0000000089300000| Untracked 
| 110|0x0000000089400000, 0x0000000089400000, 0x0000000089500000|  0%| F|  |TAMS 0x0000000089400000, 0x0000000089400000| Untracked 
| 111|0x0000000089500000, 0x0000000089500000, 0x0000000089600000|  0%| F|  |TAMS 0x0000000089500000, 0x0000000089500000| Untracked 
| 112|0x0000000089600000, 0x0000000089600000, 0x0000000089700000|  0%| F|  |TAMS 0x0000000089600000, 0x0000000089600000| Untracked 
| 113|0x0000000089700000, 0x0000000089700000, 0x0000000089800000|  0%| F|  |TAMS 0x0000000089700000, 0x0000000089700000| Untracked 
| 114|0x0000000089800000, 0x0000000089800000, 0x0000000089900000|  0%| F|  |TAMS 0x0000000089800000, 0x0000000089800000| Untracked 
| 115|0x0000000089900000, 0x0000000089900000, 0x0000000089a00000|  0%| F|  |TAMS 0x0000000089900000, 0x0000000089900000| Untracked 
| 116|0x0000000089a00000, 0x0000000089a00000, 0x0000000089b00000|  0%| F|  |TAMS 0x0000000089a00000, 0x0000000089a00000| Untracked 
| 117|0x0000000089b00000, 0x0000000089b00000, 0x0000000089c00000|  0%| F|  |TAMS 0x0000000089b00000, 0x0000000089b00000| Untracked 
| 118|0x0000000089c00000, 0x0000000089c00000, 0x0000000089d00000|  0%| F|  |TAMS 0x0000000089c00000, 0x0000000089c00000| Untracked 
| 119|0x0000000089d00000, 0x0000000089d00000, 0x0000000089e00000|  0%| F|  |TAMS 0x0000000089d00000, 0x0000000089d00000| Untracked 
| 120|0x0000000089e00000, 0x0000000089e00000, 0x0000000089f00000|  0%| F|  |TAMS 0x0000000089e00000, 0x0000000089e00000| Untracked 
| 121|0x0000000089f00000, 0x0000000089f00000, 0x000000008a000000|  0%| F|  |TAMS 0x0000000089f00000, 0x0000000089f00000| Untracked 
| 122|0x000000008a000000, 0x000000008a000000, 0x000000008a100000|  0%| F|  |TAMS 0x000000008a000000, 0x000000008a000000| Untracked 
| 123|0x000000008a100000, 0x000000008a100000, 0x000000008a200000|  0%| F|  |TAMS 0x000000008a100000, 0x000000008a100000| Untracked 
| 124|0x000000008a200000, 0x000000008a2ec478, 0x000000008a300000| 92%| E|  |TAMS 0x000000008a200000, 0x000000008a200000| Complete 
| 125|0x000000008a300000, 0x000000008a400000, 0x000000008a400000|100%| E|CS|TAMS 0x000000008a300000, 0x000000008a300000| Complete 

Card table byte_map: [0x00000245efc70000,0x00000245f0060000] _byte_map_base: 0x00000245ef85d000

Marking Bits (Prev, Next): (CMBitMap*) 0x00000245d5ec2d58, (CMBitMap*) 0x00000245d5ec2d98
 Prev Bits: [0x00000245f0450000, 0x00000245f23b8000)
 Next Bits: [0x00000245f23c0000, 0x00000245f4328000)

Polling page: 0x00000245d5d20000

Metaspace:

Usage:
  Non-class:      4.08 MB capacity,   436.73 KB ( 10%) used,     3.65 MB ( 90%) free+waste,   384 bytes ( <1%) overhead. 
      Class:    388.00 KB capacity,    36.52 KB (  9%) used,   351.30 KB ( 91%) free+waste,   192 bytes ( <1%) overhead. 
       Both:      4.46 MB capacity,   473.24 KB ( 10%) used,     3.99 MB ( 90%) free+waste,   576 bytes ( <1%) overhead. 

Virtual space:
  Non-class space:        8.00 MB reserved,       4.25 MB ( 53%) committed 
      Class space:        1.00 GB reserved,     512.00 KB ( <1%) committed 
             Both:        1.01 GB reserved,       4.75 MB ( <1%) committed 

Chunk freelists:
   Non-Class:  48.00 KB
       Class:  0 bytes
        Both:  48.00 KB

MaxMetaspaceSize: 17179869184.00 GB
CompressedClassSpaceSize: 1.00 GB

CodeHeap 'non-profiled nmethods': size=120000Kb used=27Kb max_used=27Kb free=119972Kb
 bounds [0x00000245e78f0000, 0x00000245e7b60000, 0x00000245eee20000]
CodeHeap 'profiled nmethods': size=120000Kb used=143Kb max_used=143Kb free=119856Kb
 bounds [0x00000245e03c0000, 0x00000245e0630000, 0x00000245e78f0000]
CodeHeap 'non-nmethods': size=5760Kb used=1154Kb max_used=1171Kb free=4605Kb
 bounds [0x00000245dfe20000, 0x00000245e0090000, 0x00000245e03c0000]
 total_blobs=387 nmethods=95 adapters=205
 compilation: enabled
              stopped_count=0, restarted_count=0
 full_count=0

Compilation events (20 events):
Event: 0.230 Thread 0x00000245f6e26000   89       3       java.util.ArrayList::add (23 bytes)
Event: 0.230 Thread 0x00000245f6e26000 nmethod 89 0x00000245e03e0110 code [0x00000245e03e02e0, 0x00000245e03e06c8]
Event: 0.230 Thread 0x00000245f6e26000   86       3       java.util.ArrayList::add (25 bytes)
Event: 0.230 Thread 0x00000245f6e26000 nmethod 86 0x00000245e03e0890 code [0x00000245e03e0a60, 0x00000245e03e0ec8]
Event: 0.230 Thread 0x00000245f6e26000   87       3       java.lang.String::<init> (14 bytes)
Event: 0.231 Thread 0x00000245f6e26000 nmethod 87 0x00000245e03e1090 code [0x00000245e03e1240, 0x00000245e03e1458]
Event: 0.231 Thread 0x00000245f6e26000   90       3       java.lang.String::checkBoundsOffCount (64 bytes)
Event: 0.231 Thread 0x00000245f6e26000 nmethod 90 0x00000245e03e1590 code [0x00000245e03e1840, 0x00000245e03e23b8]
Event: 0.231 Thread 0x00000245f6e26000   93       3       java.io.BufferedReader::readLine (6 bytes)
Event: 0.232 Thread 0x00000245f6e26000 nmethod 93 0x00000245e03e2810 code [0x00000245e03e29c0, 0x00000245e03e2b28]
Event: 0.232 Thread 0x00000245f6e26000   92       3       java.lang.StringUTF16::compress (20 bytes)
Event: 0.232 Thread 0x00000245f6e26000 nmethod 92 0x00000245e03e2c10 code [0x00000245e03e2dc0, 0x00000245e03e2fe8]
Event: 0.232 Thread 0x00000245f6e26000   88       3       java.lang.String::rangeCheck (9 bytes)
Event: 0.232 Thread 0x00000245f6e24000   94   !   4       java.io.BufferedReader::readLine (304 bytes)
Event: 0.232 Thread 0x00000245f6e26000 nmethod 88 0x00000245e03e3090 code [0x00000245e03e3240, 0x00000245e03e3368]
Event: 0.232 Thread 0x00000245f6e26000   91       3       java.lang.String::<init> (74 bytes)
Event: 0.232 Thread 0x00000245f6e26000 nmethod 91 0x00000245e03e3410 code [0x00000245e03e3600, 0x00000245e03e3cb8]
Event: 0.253 Thread 0x00000245f6e24000 nmethod 94 0x00000245e78f4f90 code [0x00000245e78f5240, 0x00000245e78f5f40]
Event: 0.254 Thread 0x00000245f6e24000   95       4       java.lang.StringUTF16::compress (50 bytes)
Event: 0.263 Thread 0x00000245f6e24000 nmethod 95 0x00000245e78f6610 code [0x00000245e78f67e0, 0x00000245e78f6c78]

GC Heap History (0 events):
No events

Deoptimization events (4 events):
Event: 0.181 Thread 0x00000245d5e7f000 Uncommon trap: trap_request=0xffffff45 fr.pc=0x00000245e78f4448 relative=0x0000000000000268
Event: 0.181 Thread 0x00000245d5e7f000 Uncommon trap: reason=unstable_if action=reinterpret pc=0x00000245e78f4448 method=java.lang.String.hashCode()I @ 42 c2
Event: 0.181 Thread 0x00000245d5e7f000 DEOPT PACKING pc=0x00000245e78f4448 sp=0x00000062f98fde40
Event: 0.181 Thread 0x00000245d5e7f000 DEOPT UNPACKING pc=0x00000245dfe6912f sp=0x00000062f98fddd8 mode 2

Classes unloaded (0 events):
No events

Classes redefined (2 events):
Event: 70.598 Thread 0x00000245f6e04000 redefined class name=com.example.separateandsort.Doctor, count=1
Event: 169.788 Thread 0x00000245f6e04000 redefined class name=com.example.separateandsort.Doctor, count=2

Internal exceptions (0 events):
No events

Events (20 events):
Event: 169.788 Executing VM operation: RedefineClasses
Event: 169.789 Executing VM operation: RedefineClasses done
Event: 169.790 Executing VM operation: GetFrameCount
Event: 169.790 Executing VM operation: GetFrameCount done
Event: 169.790 Executing VM operation: GetFrameCount
Event: 169.790 Executing VM operation: GetFrameCount done
Event: 169.790 Executing VM operation: GetStackTrace
Event: 169.790 Executing VM operation: GetStackTrace done
Event: 169.858 Executing VM operation: ChangeBreakpoints
Event: 169.858 Executing VM operation: ChangeBreakpoints done
Event: 169.862 Executing VM operation: ChangeBreakpoints
Event: 169.862 Executing VM operation: ChangeBreakpoints done
Event: 169.887 Executing VM operation: ChangeBreakpoints
Event: 169.887 Executing VM operation: ChangeBreakpoints done
Event: 169.894 Executing VM operation: ChangeBreakpoints
Event: 169.894 Executing VM operation: ChangeBreakpoints done
Event: 169.900 Executing VM operation: GetFrameCount
Event: 169.900 Executing VM operation: GetFrameCount done
Event: 169.900 Executing VM operation: GetStackTrace
Event: 169.900 Executing VM operation: GetStackTrace done


Dynamic libraries:
0x00007ff7b3300000 - 0x00007ff7b330f000 	C:\Program Files\Java\jdk-14.0.2\bin\java.exe
0x00007ffc0a5c0000 - 0x00007ffc0a7b0000 	C:\WINDOWS\SYSTEM32\ntdll.dll
0x00007ffc08f20000 - 0x00007ffc08fd2000 	C:\WINDOWS\System32\KERNEL32.DLL
0x00007ffc07ed0000 - 0x00007ffc08174000 	C:\WINDOWS\System32\KERNELBASE.dll
0x00007ffc07dd0000 - 0x00007ffc07eca000 	C:\WINDOWS\System32\ucrtbase.dll
0x00007ffbfd330000 - 0x00007ffbfd348000 	C:\Program Files\Java\jdk-14.0.2\bin\jli.dll
0x00007ffbfebd0000 - 0x00007ffbfebe5000 	C:\Program Files\Java\jdk-14.0.2\bin\VCRUNTIME140.dll
0x00007ffc08a10000 - 0x00007ffc08ab3000 	C:\WINDOWS\System32\ADVAPI32.dll
0x00007ffc0a420000 - 0x00007ffc0a4be000 	C:\WINDOWS\System32\msvcrt.dll
0x00007ffc0a380000 - 0x00007ffc0a417000 	C:\WINDOWS\System32\sechost.dll
0x00007ffc08e00000 - 0x00007ffc08f20000 	C:\WINDOWS\System32\RPCRT4.dll
0x00007ffc08670000 - 0x00007ffc08804000 	C:\WINDOWS\System32\USER32.dll
0x00007ffc083a0000 - 0x00007ffc083c1000 	C:\WINDOWS\System32\win32u.dll
0x00007ffbec0a0000 - 0x00007ffbec324000 	C:\WINDOWS\WinSxS\amd64_microsoft.windows.common-controls_6595b64144ccf1df_6.0.18362.959_none_e6c7bbbf130c62bb\COMCTL32.dll
0x00007ffc09b10000 - 0x00007ffc09b36000 	C:\WINDOWS\System32\GDI32.dll
0x00007ffc084d0000 - 0x00007ffc08666000 	C:\WINDOWS\System32\gdi32full.dll
0x00007ffc08ac0000 - 0x00007ffc08df5000 	C:\WINDOWS\System32\combase.dll
0x00007ffc07540000 - 0x00007ffc075de000 	C:\WINDOWS\System32\msvcp_win.dll
0x00007ffc08400000 - 0x00007ffc08480000 	C:\WINDOWS\System32\bcryptPrimitives.dll
0x00007ffbff410000 - 0x00007ffbff41a000 	C:\WINDOWS\SYSTEM32\VERSION.dll
0x00007ffc089e0000 - 0x00007ffc08a0e000 	C:\WINDOWS\System32\IMM32.DLL
0x00007ffbf43b0000 - 0x00007ffbf444b000 	C:\Program Files\Java\jdk-14.0.2\bin\msvcp140.dll
0x00007ffb9ede0000 - 0x00007ffb9f8fe000 	C:\Program Files\Java\jdk-14.0.2\bin\server\jvm.dll
0x00007ffc089d0000 - 0x00007ffc089d8000 	C:\WINDOWS\System32\PSAPI.DLL
0x00007ffbfa960000 - 0x00007ffbfa984000 	C:\WINDOWS\SYSTEM32\WINMM.dll
0x00007ffbe4630000 - 0x00007ffbe4639000 	C:\WINDOWS\SYSTEM32\WSOCK32.dll
0x00007ffc0a2b0000 - 0x00007ffc0a31f000 	C:\WINDOWS\System32\WS2_32.dll
0x00007ffbfa930000 - 0x00007ffbfa95d000 	C:\WINDOWS\SYSTEM32\WINMMBASE.dll
0x00007ffc08480000 - 0x00007ffc084ca000 	C:\WINDOWS\System32\cfgmgr32.dll
0x00007ffc07480000 - 0x00007ffc07491000 	C:\WINDOWS\System32\kernel.appcore.dll
0x00007ffc019c0000 - 0x00007ffc019ca000 	C:\Program Files\Java\jdk-14.0.2\bin\jimage.dll
0x00007ffc05ce0000 - 0x00007ffc05ed4000 	C:\WINDOWS\SYSTEM32\DBGHELP.DLL
0x00007ffbfce60000 - 0x00007ffbfce8a000 	C:\WINDOWS\SYSTEM32\dbgcore.DLL
0x00007ffbf39a0000 - 0x00007ffbf39d8000 	C:\Program Files\Java\jdk-14.0.2\bin\jdwp.dll
0x00007ffbfd300000 - 0x00007ffbfd325000 	C:\Program Files\Java\jdk-14.0.2\bin\java.dll
0x00007ffbfbd80000 - 0x00007ffbfbd96000 	C:\Program Files\Java\jdk-14.0.2\bin\zip.dll
0x00007ffc09bc0000 - 0x00007ffc0a2a6000 	C:\WINDOWS\System32\SHELL32.dll
0x00007ffc09120000 - 0x00007ffc091c9000 	C:\WINDOWS\System32\shcore.dll
0x00007ffc075e0000 - 0x00007ffc07d62000 	C:\WINDOWS\System32\windows.storage.dll
0x00007ffc074f0000 - 0x00007ffc07513000 	C:\WINDOWS\System32\profapi.dll
0x00007ffc074a0000 - 0x00007ffc074ea000 	C:\WINDOWS\System32\powrprof.dll
0x00007ffc07470000 - 0x00007ffc07480000 	C:\WINDOWS\System32\UMPDC.dll
0x00007ffc0a520000 - 0x00007ffc0a572000 	C:\WINDOWS\System32\shlwapi.dll
0x00007ffc08380000 - 0x00007ffc08397000 	C:\WINDOWS\System32\cryptsp.dll
0x00007ffbfef40000 - 0x00007ffbfef4b000 	C:\Program Files\Java\jdk-14.0.2\bin\dt_socket.dll
0x00007ffc069f0000 - 0x00007ffc06a2a000 	C:\WINDOWS\SYSTEM32\IPHLPAPI.DLL
0x00007ffc06ce0000 - 0x00007ffc06d47000 	C:\WINDOWS\system32\mswsock.dll
0x00007ffbfa3f0000 - 0x00007ffbfa409000 	C:\Program Files\Java\jdk-14.0.2\bin\net.dll
0x00007ffc014d0000 - 0x00007ffc015c0000 	C:\WINDOWS\SYSTEM32\WINHTTP.dll
0x00007ffbf4390000 - 0x00007ffbf43a2000 	C:\Program Files\Java\jdk-14.0.2\bin\nio.dll

dbghelp: loaded successfully - version: 4.0.5 - missing functions: none
symbol engine: initialized successfully - sym options: 0x614 - pdb path: .;C:\Program Files\Java\jdk-14.0.2\bin;C:\WINDOWS\SYSTEM32;C:\WINDOWS\WinSxS\amd64_microsoft.windows.common-controls_6595b64144ccf1df_6.0.18362.959_none_e6c7bbbf130c62bb;C:\Program Files\Java\jdk-14.0.2\bin\server

VM Arguments:
jvm_args: -agentlib:jdwp=transport=dt_socket,address=127.0.0.1:50980,suspend=y,server=n -Dfile.encoding=UTF-8 
java_command: com.example.separateandsort.SeparateAndSort
java_class_path (initial): C:\Users\hanna\IdeaProjects\Separate and sort\out\production\Separate and sort;C:\Users\hanna\commons-lang3-3.10.jar;C:\Program Files\JetBrains\IntelliJ IDEA Community Edition 2018.2.5\lib\idea_rt.jar
Launcher Type: SUN_STANDARD

[Global flags]
     intx CICompilerCount                          = 4                                         {product} {ergonomic}
     uint ConcGCThreads                            = 2                                         {product} {ergonomic}
     uint G1ConcRefinementThreads                  = 8                                         {product} {ergonomic}
   size_t G1HeapRegionSize                         = 1048576                                   {product} {ergonomic}
    uintx GCDrainStackTargetSize                   = 64                                        {product} {ergonomic}
   size_t InitialHeapSize                          = 132120576                                 {product} {ergonomic}
   size_t MarkStackSize                            = 4194304                                   {product} {ergonomic}
   size_t MaxHeapSize                              = 2107637760                                {product} {ergonomic}
   size_t MaxNewSize                               = 1264582656                                {product} {ergonomic}
   size_t MinHeapDeltaBytes                        = 1048576                                   {product} {ergonomic}
   size_t MinHeapSize                              = 8388608                                   {product} {ergonomic}
    uintx NonNMethodCodeHeapSize                   = 5839372                                {pd product} {ergonomic}
    uintx NonProfiledCodeHeapSize                  = 122909434                              {pd product} {ergonomic}
    uintx ProfiledCodeHeapSize                     = 122909434                              {pd product} {ergonomic}
    uintx ReservedCodeCacheSize                    = 251658240                              {pd product} {ergonomic}
     bool SegmentedCodeCache                       = true                                      {product} {ergonomic}
   size_t SoftMaxHeapSize                          = 2107637760                             {manageable} {ergonomic}
     bool UseCompressedClassPointers               = true                                 {lp64_product} {ergonomic}
     bool UseCompressedOops                        = true                                 {lp64_product} {ergonomic}
     bool UseG1GC                                  = true                                      {product} {ergonomic}
     bool UseLargePagesIndividualAllocation        = false                                  {pd product} {ergonomic}

Logging:
Log output configuration:
 #0: stdout all=warning uptime,level,tags
 #1: stderr all=off uptime,level,tags

Environment Variables:
PATH=C:\Program Files\FileMaker\FileMaker Server\Web Publishing\publishing-engine\php\;C:\Program Files\Microsoft MPI\Bin\;C:\Program Files (x86)\Intel\Intel(R) Management Engine Components\iCLS\;C:\Program Files\Intel\Intel(R) Management Engine Components\iCLS\;C:\WINDOWS\system32;C:\WINDOWS;C:\WINDOWS\System32\Wbem;C:\WINDOWS\System32\WindowsPowerShell\v1.0\;C:\Program Files (x86)\Intel\Intel(R) Management Engine Components\DAL;C:\Program Files\Intel\Intel(R) Management Engine Components\DAL;C:\Program Files (x86)\Intel\Intel(R) Management Engine Components\IPT;C:\Program Files\Intel\Intel(R) Management Engine Components\IPT;C:\Program Files\PuTTY\;C:\WINDOWS\System32\OpenSSH\;C:\Program Files (x86)\Microsoft SQL Server\150\DTS\Binn\;C:\Program Files (x86)\Microsoft SQL Server\Client SDK\ODBC\130\Tools\Binn\;C:\Program Files (x86)\Microsoft SQL Server\140\Tools\Binn\;C:\Program Files (x86)\Microsoft SQL Server\140\DTS\Binn\;C:\Program Files (x86)\Microsoft SQL Server\140\Tools\Binn\ManagementStudio\;C:\Program Files\dotnet\;C:\Program Files\Microsoft SQL Server\130\Tools\Binn\;C:\Program Files (x86)\Yarn\bin\;C:\Program Files\MiKTeX 2.9\miktex\bin\x64\;C:\Program Files\Git\cmd;C:\Program Files\nodejs\;C:\Program Files\Microsoft SQL Server\Client SDK\ODBC\170\Tools\Binn\;C:\Program Files\FileMaker\FileMaker Server\Database Server\;C:\Users\hanna\AppData\Local\Microsoft\WindowsApps;C:\Users\hanna\AppData\Local\atom\bin;C:\Users\hanna\AppData\Local\GitHubDesktop\bin;C:\Users\hanna\AppData\Local\Yarn\bin;C:\Users\hanna\AppData\Local\Microsoft\WindowsApps;;C:\Users\hanna\AppData\Local\Programs\Microsoft VS Code\bin;C:\Users\hanna\AppData\Roaming\npm
USERNAME=hanna
OS=Windows_NT
PROCESSOR_IDENTIFIER=Intel64 Family 6 Model 142 Stepping 10, GenuineIntel



---------------  S Y S T E M  ---------------

OS: Windows 10 , 64 bit Build 18362 (10.0.18362.959)
OS uptime: 0 days 11:19 hours

CPU:total 8 (initial active 8) (4 cores per cpu, 2 threads per core) family 6 model 142 stepping 10, cmov, cx8, fxsr, mmx, sse, sse2, sse3, ssse3, sse4.1, sse4.2, popcnt, avx, avx2, aes, clmul, erms, 3dnowpref, lzcnt, ht, tsc, tscinvbit, bmi1, bmi2, adx, fma

Memory: 4k page, system-wide physical 8033M (993M free)
TotalPageFile size 19890M (AvailPageFile size 2299M)
current process WorkingSet (physical memory assigned to process): 26M, peak: 29M
current process commit charge ("private bytes"): 212M, peak: 213M

vm_info: Java HotSpot(TM) 64-Bit Server VM (14.0.2+12-46) for windows-amd64 JRE (14.0.2+12-46), built on Jul  9 2020 00:35:52 by "mach5one" with MS VC++ 15.9 (VS2017)

END.
